[2025-08-28T08:32:07.296+0000] {local_task_job_runner.py:120} INFO - ::group::Pre task execution logs
[2025-08-28T08:32:07.366+0000] {taskinstance.py:2076} INFO - Dependencies all met for dep_context=non-requeueable deps ti=<TaskInstance: ecommerce_pipeline.sales_per_country manual__2025-08-28T07:21:41.282152+00:00 [queued]>
[2025-08-28T08:32:07.383+0000] {taskinstance.py:2076} INFO - Dependencies all met for dep_context=requeueable deps ti=<TaskInstance: ecommerce_pipeline.sales_per_country manual__2025-08-28T07:21:41.282152+00:00 [queued]>
[2025-08-28T08:32:07.385+0000] {taskinstance.py:2306} INFO - Starting attempt 5 of 6
[2025-08-28T08:32:07.409+0000] {taskinstance.py:2330} INFO - Executing <Task(BashOperator): sales_per_country> on 2025-08-28 07:21:41.282152+00:00
[2025-08-28T08:32:07.418+0000] {standard_task_runner.py:63} INFO - Started process 1070 to run task
[2025-08-28T08:32:07.423+0000] {standard_task_runner.py:90} INFO - Running: ['***', 'tasks', 'run', 'ecommerce_pipeline', 'sales_per_country', 'manual__2025-08-28T07:21:41.282152+00:00', '--job-id', '106', '--raw', '--subdir', 'DAGS_FOLDER/ecommerce_pipeline_dag.py', '--cfg-path', '/tmp/tmp8xycuvm9']
[2025-08-28T08:32:07.426+0000] {standard_task_runner.py:91} INFO - Job 106: Subtask sales_per_country
[2025-08-28T08:32:07.451+0000] {logging_mixin.py:188} WARNING - /home/***/.local/lib/python3.10/site-packages/***/settings.py:195 DeprecationWarning: The sql_alchemy_conn option in [core] has been moved to the sql_alchemy_conn option in [database] - the old setting has been used, but please update your config.
[2025-08-28T08:32:07.520+0000] {task_command.py:426} INFO - Running <TaskInstance: ecommerce_pipeline.sales_per_country manual__2025-08-28T07:21:41.282152+00:00 [running]> on host 6aba05baf296
[2025-08-28T08:32:07.669+0000] {taskinstance.py:2648} INFO - Exporting env vars: AIRFLOW_CTX_DAG_OWNER='arel' AIRFLOW_CTX_DAG_ID='ecommerce_pipeline' AIRFLOW_CTX_TASK_ID='sales_per_country' AIRFLOW_CTX_EXECUTION_DATE='2025-08-28T07:21:41.282152+00:00' AIRFLOW_CTX_TRY_NUMBER='5' AIRFLOW_CTX_DAG_RUN_ID='manual__2025-08-28T07:21:41.282152+00:00'
[2025-08-28T08:32:07.670+0000] {taskinstance.py:430} INFO - ::endgroup::
[2025-08-28T08:32:07.693+0000] {subprocess.py:63} INFO - Tmp dir root location: /tmp
[2025-08-28T08:32:07.694+0000] {subprocess.py:75} INFO - Running command: ['/usr/bin/bash', '-c', 'PGPASSWORD=*** psql -h postgres -U *** -d *** -f /opt/***/sql/sales_per_country.sql']
[2025-08-28T08:32:07.717+0000] {subprocess.py:86} INFO - Output:
[2025-08-28T08:32:07.785+0000] {subprocess.py:93} INFO - psql:/opt/***/sql/sales_per_country.sql:1: NOTICE:  table "sales_per_country" does not exist, skipping
[2025-08-28T08:32:07.787+0000] {subprocess.py:93} INFO - DROP TABLE
[2025-08-28T08:32:07.787+0000] {subprocess.py:93} INFO - psql:/opt/***/sql/sales_per_country.sql:10: ERROR:  relation "transactions" does not exist
[2025-08-28T08:32:07.788+0000] {subprocess.py:93} INFO - LINE 6: FROM transactions
[2025-08-28T08:32:07.789+0000] {subprocess.py:93} INFO -              ^
[2025-08-28T08:32:07.790+0000] {subprocess.py:97} INFO - Command exited with return code 0
[2025-08-28T08:32:07.792+0000] {taskinstance.py:441} INFO - ::group::Post task execution logs
[2025-08-28T08:32:07.836+0000] {taskinstance.py:1206} INFO - Marking task as SUCCESS. dag_id=ecommerce_pipeline, task_id=sales_per_country, run_id=manual__2025-08-28T07:21:41.282152+00:00, execution_date=20250828T072141, start_date=20250828T083207, end_date=20250828T083207
[2025-08-28T08:32:07.877+0000] {local_task_job_runner.py:240} INFO - Task exited with return code 0
[2025-08-28T08:32:07.905+0000] {taskinstance.py:3503} INFO - 0 downstream tasks scheduled from follow-on schedule check
[2025-08-28T08:32:07.908+0000] {local_task_job_runner.py:222} INFO - ::endgroup::
