[2025-08-28T08:52:12.481+0000] {local_task_job_runner.py:120} INFO - ::group::Pre task execution logs
[2025-08-28T08:52:12.877+0000] {taskinstance.py:2076} INFO - Dependencies all met for dep_context=non-requeueable deps ti=<TaskInstance: ecommerce_pipeline.sales_per_country manual__2025-08-28T08:39:24.937612+00:00 [queued]>
[2025-08-28T08:52:12.921+0000] {taskinstance.py:2076} INFO - Dependencies all met for dep_context=requeueable deps ti=<TaskInstance: ecommerce_pipeline.sales_per_country manual__2025-08-28T08:39:24.937612+00:00 [queued]>
[2025-08-28T08:52:12.923+0000] {taskinstance.py:2306} INFO - Starting attempt 1 of 2
[2025-08-28T08:52:13.013+0000] {taskinstance.py:2330} INFO - Executing <Task(BashOperator): sales_per_country> on 2025-08-28 08:39:24.937612+00:00
[2025-08-28T08:52:13.035+0000] {standard_task_runner.py:63} INFO - Started process 1478 to run task
[2025-08-28T08:52:13.049+0000] {standard_task_runner.py:90} INFO - Running: ['***', 'tasks', 'run', 'ecommerce_pipeline', 'sales_per_country', 'manual__2025-08-28T08:39:24.937612+00:00', '--job-id', '109', '--raw', '--subdir', 'DAGS_FOLDER/ecommerce_pipeline_dag.py', '--cfg-path', '/tmp/tmpk35uouhe']
[2025-08-28T08:52:13.056+0000] {standard_task_runner.py:91} INFO - Job 109: Subtask sales_per_country
[2025-08-28T08:52:13.194+0000] {logging_mixin.py:188} WARNING - /home/***/.local/lib/python3.10/site-packages/***/settings.py:195 DeprecationWarning: The sql_alchemy_conn option in [core] has been moved to the sql_alchemy_conn option in [database] - the old setting has been used, but please update your config.
[2025-08-28T08:52:13.321+0000] {task_command.py:426} INFO - Running <TaskInstance: ecommerce_pipeline.sales_per_country manual__2025-08-28T08:39:24.937612+00:00 [running]> on host 6aba05baf296
[2025-08-28T08:52:13.713+0000] {taskinstance.py:2648} INFO - Exporting env vars: AIRFLOW_CTX_DAG_OWNER='arel' AIRFLOW_CTX_DAG_ID='ecommerce_pipeline' AIRFLOW_CTX_TASK_ID='sales_per_country' AIRFLOW_CTX_EXECUTION_DATE='2025-08-28T08:39:24.937612+00:00' AIRFLOW_CTX_TRY_NUMBER='1' AIRFLOW_CTX_DAG_RUN_ID='manual__2025-08-28T08:39:24.937612+00:00'
[2025-08-28T08:52:13.715+0000] {taskinstance.py:430} INFO - ::endgroup::
[2025-08-28T08:52:13.864+0000] {subprocess.py:63} INFO - Tmp dir root location: /tmp
[2025-08-28T08:52:13.866+0000] {subprocess.py:75} INFO - Running command: ['/usr/bin/bash', '-c', 'PGPASSWORD=*** psql -h postgres -U *** -d *** -f /opt/***/sql/sales_per_country.sql']
[2025-08-28T08:52:13.889+0000] {subprocess.py:86} INFO - Output:
[2025-08-28T08:52:14.180+0000] {subprocess.py:93} INFO - psql:/opt/***/sql/sales_per_country.sql:1: NOTICE:  table "sales_per_country" does not exist, skipping
[2025-08-28T08:52:14.184+0000] {subprocess.py:93} INFO - DROP TABLE
[2025-08-28T08:52:14.186+0000] {subprocess.py:93} INFO - psql:/opt/***/sql/sales_per_country.sql:10: ERROR:  relation "transactions" does not exist
[2025-08-28T08:52:14.194+0000] {subprocess.py:93} INFO - LINE 6: FROM transactions
[2025-08-28T08:52:14.196+0000] {subprocess.py:93} INFO -              ^
[2025-08-28T08:52:14.216+0000] {subprocess.py:97} INFO - Command exited with return code 0
[2025-08-28T08:52:14.219+0000] {taskinstance.py:441} INFO - ::group::Post task execution logs
[2025-08-28T08:52:14.364+0000] {taskinstance.py:1206} INFO - Marking task as SUCCESS. dag_id=ecommerce_pipeline, task_id=sales_per_country, run_id=manual__2025-08-28T08:39:24.937612+00:00, execution_date=20250828T083924, start_date=20250828T085212, end_date=20250828T085214
[2025-08-28T08:52:14.465+0000] {local_task_job_runner.py:240} INFO - Task exited with return code 0
[2025-08-28T08:52:14.526+0000] {taskinstance.py:3503} INFO - 0 downstream tasks scheduled from follow-on schedule check
[2025-08-28T08:52:14.539+0000] {local_task_job_runner.py:222} INFO - ::endgroup::
