[2025-09-03T17:11:13.939+0000] {local_task_job_runner.py:120} INFO - ::group::Pre task execution logs
[2025-09-03T17:11:13.976+0000] {taskinstance.py:2076} INFO - Dependencies all met for dep_context=non-requeueable deps ti=<TaskInstance: ecommerce_pipeline.upload_sales_country manual__2025-09-03T16:59:38.482309+00:00 [queued]>
[2025-09-03T17:11:14.001+0000] {taskinstance.py:2076} INFO - Dependencies all met for dep_context=requeueable deps ti=<TaskInstance: ecommerce_pipeline.upload_sales_country manual__2025-09-03T16:59:38.482309+00:00 [queued]>
[2025-09-03T17:11:14.002+0000] {taskinstance.py:2306} INFO - Starting attempt 1 of 2
[2025-09-03T17:11:14.541+0000] {taskinstance.py:2330} INFO - Executing <Task(PythonOperator): upload_sales_country> on 2025-09-03 16:59:38.482309+00:00
[2025-09-03T17:11:14.550+0000] {standard_task_runner.py:63} INFO - Started process 2110 to run task
[2025-09-03T17:11:14.554+0000] {standard_task_runner.py:90} INFO - Running: ['***', 'tasks', 'run', 'ecommerce_pipeline', 'upload_sales_country', 'manual__2025-09-03T16:59:38.482309+00:00', '--job-id', '183', '--raw', '--subdir', 'DAGS_FOLDER/ecommerce_pipeline_dag.py', '--cfg-path', '/tmp/tmpqnduti12']
[2025-09-03T17:11:14.557+0000] {standard_task_runner.py:91} INFO - Job 183: Subtask upload_sales_country
[2025-09-03T17:11:15.064+0000] {logging_mixin.py:188} WARNING - /home/***/.local/lib/python3.10/site-packages/***/settings.py:195 DeprecationWarning: The sql_alchemy_conn option in [core] has been moved to the sql_alchemy_conn option in [database] - the old setting has been used, but please update your config.
[2025-09-03T17:11:15.123+0000] {task_command.py:426} INFO - Running <TaskInstance: ecommerce_pipeline.upload_sales_country manual__2025-09-03T16:59:38.482309+00:00 [running]> on host 6aba05baf296
[2025-09-03T17:11:17.986+0000] {taskinstance.py:2648} INFO - Exporting env vars: AIRFLOW_CTX_DAG_OWNER='arel' AIRFLOW_CTX_DAG_ID='ecommerce_pipeline' AIRFLOW_CTX_TASK_ID='upload_sales_country' AIRFLOW_CTX_EXECUTION_DATE='2025-09-03T16:59:38.482309+00:00' AIRFLOW_CTX_TRY_NUMBER='1' AIRFLOW_CTX_DAG_RUN_ID='manual__2025-09-03T16:59:38.482309+00:00'
[2025-09-03T17:11:18.093+0000] {taskinstance.py:430} INFO - ::endgroup::
[2025-09-03T17:11:18.145+0000] {base.py:84} INFO - Using connection ID 'aws_default' for task execution.
[2025-09-03T17:11:18.217+0000] {connection_wrapper.py:384} INFO - AWS Connection (conn_id='aws_default', conn_type='aws') credentials retrieved from login and password.
[2025-09-03T17:11:24.617+0000] {python.py:237} INFO - Done. Returned value was: None
[2025-09-03T17:11:24.620+0000] {taskinstance.py:441} INFO - ::group::Post task execution logs
[2025-09-03T17:11:24.642+0000] {taskinstance.py:1206} INFO - Marking task as SUCCESS. dag_id=ecommerce_pipeline, task_id=upload_sales_country, run_id=manual__2025-09-03T16:59:38.482309+00:00, execution_date=20250903T165938, start_date=20250903T171113, end_date=20250903T171124
[2025-09-03T17:11:25.344+0000] {local_task_job_runner.py:240} INFO - Task exited with return code 0
[2025-09-03T17:11:25.435+0000] {taskinstance.py:3503} INFO - 0 downstream tasks scheduled from follow-on schedule check
[2025-09-03T17:11:25.751+0000] {local_task_job_runner.py:222} INFO - ::endgroup::
