[2025-09-04T03:20:49.364+0000] {local_task_job_runner.py:120} INFO - ::group::Pre task execution logs
[2025-09-04T03:20:49.422+0000] {taskinstance.py:2076} INFO - Dependencies all met for dep_context=non-requeueable deps ti=<TaskInstance: ecommerce_pipeline.upload_daily_sales scheduled__2025-09-03T00:00:00+00:00 [queued]>
[2025-09-04T03:20:49.469+0000] {taskinstance.py:2076} INFO - Dependencies all met for dep_context=requeueable deps ti=<TaskInstance: ecommerce_pipeline.upload_daily_sales scheduled__2025-09-03T00:00:00+00:00 [queued]>
[2025-09-04T03:20:49.489+0000] {taskinstance.py:2306} INFO - Starting attempt 1 of 2
[2025-09-04T03:20:49.598+0000] {taskinstance.py:2330} INFO - Executing <Task(PythonOperator): upload_daily_sales> on 2025-09-03 00:00:00+00:00
[2025-09-04T03:20:49.618+0000] {standard_task_runner.py:63} INFO - Started process 2630 to run task
[2025-09-04T03:20:49.623+0000] {standard_task_runner.py:90} INFO - Running: ['***', 'tasks', 'run', 'ecommerce_pipeline', 'upload_daily_sales', 'scheduled__2025-09-03T00:00:00+00:00', '--job-id', '191', '--raw', '--subdir', 'DAGS_FOLDER/ecommerce_pipeline_dag.py', '--cfg-path', '/tmp/tmp4xg5_ngz']
[2025-09-04T03:20:49.626+0000] {standard_task_runner.py:91} INFO - Job 191: Subtask upload_daily_sales
[2025-09-04T03:20:49.696+0000] {logging_mixin.py:188} WARNING - /home/***/.local/lib/python3.10/site-packages/***/settings.py:195 DeprecationWarning: The sql_alchemy_conn option in [core] has been moved to the sql_alchemy_conn option in [database] - the old setting has been used, but please update your config.
[2025-09-04T03:20:49.806+0000] {task_command.py:426} INFO - Running <TaskInstance: ecommerce_pipeline.upload_daily_sales scheduled__2025-09-03T00:00:00+00:00 [running]> on host 6aba05baf296
[2025-09-04T03:20:50.058+0000] {taskinstance.py:2648} INFO - Exporting env vars: AIRFLOW_CTX_DAG_OWNER='arel' AIRFLOW_CTX_DAG_ID='ecommerce_pipeline' AIRFLOW_CTX_TASK_ID='upload_daily_sales' AIRFLOW_CTX_EXECUTION_DATE='2025-09-03T00:00:00+00:00' AIRFLOW_CTX_TRY_NUMBER='1' AIRFLOW_CTX_DAG_RUN_ID='scheduled__2025-09-03T00:00:00+00:00'
[2025-09-04T03:20:50.061+0000] {taskinstance.py:430} INFO - ::endgroup::
[2025-09-04T03:20:50.208+0000] {base.py:84} INFO - Using connection ID 'aws_default' for task execution.
[2025-09-04T03:20:50.211+0000] {connection_wrapper.py:384} INFO - AWS Connection (conn_id='aws_default', conn_type='aws') credentials retrieved from login and password.
[2025-09-04T03:20:53.089+0000] {python.py:237} INFO - Done. Returned value was: None
[2025-09-04T03:20:53.091+0000] {taskinstance.py:441} INFO - ::group::Post task execution logs
[2025-09-04T03:20:53.115+0000] {taskinstance.py:1206} INFO - Marking task as SUCCESS. dag_id=ecommerce_pipeline, task_id=upload_daily_sales, run_id=scheduled__2025-09-03T00:00:00+00:00, execution_date=20250903T000000, start_date=20250904T032049, end_date=20250904T032053
[2025-09-04T03:20:53.272+0000] {local_task_job_runner.py:240} INFO - Task exited with return code 0
[2025-09-04T03:20:53.298+0000] {taskinstance.py:3503} INFO - 0 downstream tasks scheduled from follow-on schedule check
[2025-09-04T03:20:53.322+0000] {local_task_job_runner.py:222} INFO - ::endgroup::
