[2025-08-28T08:31:17.312+0000] {local_task_job_runner.py:120} INFO - ::group::Pre task execution logs
[2025-08-28T08:31:17.372+0000] {taskinstance.py:2076} INFO - Dependencies all met for dep_context=non-requeueable deps ti=<TaskInstance: ecommerce_pipeline.top_products manual__2025-08-28T07:21:41.282152+00:00 [queued]>
[2025-08-28T08:31:17.386+0000] {taskinstance.py:2076} INFO - Dependencies all met for dep_context=requeueable deps ti=<TaskInstance: ecommerce_pipeline.top_products manual__2025-08-28T07:21:41.282152+00:00 [queued]>
[2025-08-28T08:31:17.387+0000] {taskinstance.py:2306} INFO - Starting attempt 5 of 6
[2025-08-28T08:31:17.406+0000] {taskinstance.py:2330} INFO - Executing <Task(BashOperator): top_products> on 2025-08-28 07:21:41.282152+00:00
[2025-08-28T08:31:17.414+0000] {standard_task_runner.py:63} INFO - Started process 1057 to run task
[2025-08-28T08:31:17.418+0000] {standard_task_runner.py:90} INFO - Running: ['***', 'tasks', 'run', 'ecommerce_pipeline', 'top_products', 'manual__2025-08-28T07:21:41.282152+00:00', '--job-id', '105', '--raw', '--subdir', 'DAGS_FOLDER/ecommerce_pipeline_dag.py', '--cfg-path', '/tmp/tmpvasdobgh']
[2025-08-28T08:31:17.422+0000] {standard_task_runner.py:91} INFO - Job 105: Subtask top_products
[2025-08-28T08:31:17.443+0000] {logging_mixin.py:188} WARNING - /home/***/.local/lib/python3.10/site-packages/***/settings.py:195 DeprecationWarning: The sql_alchemy_conn option in [core] has been moved to the sql_alchemy_conn option in [database] - the old setting has been used, but please update your config.
[2025-08-28T08:31:17.496+0000] {task_command.py:426} INFO - Running <TaskInstance: ecommerce_pipeline.top_products manual__2025-08-28T07:21:41.282152+00:00 [running]> on host 6aba05baf296
[2025-08-28T08:31:17.662+0000] {taskinstance.py:2648} INFO - Exporting env vars: AIRFLOW_CTX_DAG_OWNER='arel' AIRFLOW_CTX_DAG_ID='ecommerce_pipeline' AIRFLOW_CTX_TASK_ID='top_products' AIRFLOW_CTX_EXECUTION_DATE='2025-08-28T07:21:41.282152+00:00' AIRFLOW_CTX_TRY_NUMBER='5' AIRFLOW_CTX_DAG_RUN_ID='manual__2025-08-28T07:21:41.282152+00:00'
[2025-08-28T08:31:17.665+0000] {taskinstance.py:430} INFO - ::endgroup::
[2025-08-28T08:31:17.694+0000] {subprocess.py:63} INFO - Tmp dir root location: /tmp
[2025-08-28T08:31:17.696+0000] {subprocess.py:75} INFO - Running command: ['/usr/bin/bash', '-c', 'PGPASSWORD=*** psql -h postgres -U *** -d *** -f /opt/***/sql/top_products.sql']
[2025-08-28T08:31:17.719+0000] {subprocess.py:86} INFO - Output:
[2025-08-28T08:31:17.775+0000] {subprocess.py:93} INFO - psql:/opt/***/sql/top_products.sql:1: NOTICE:  table "top_products" does not exist, skipping
[2025-08-28T08:31:17.777+0000] {subprocess.py:93} INFO - DROP TABLE
[2025-08-28T08:31:17.778+0000] {subprocess.py:93} INFO - psql:/opt/***/sql/top_products.sql:12: ERROR:  relation "transactions" does not exist
[2025-08-28T08:31:17.779+0000] {subprocess.py:93} INFO - LINE 7: FROM transactions
[2025-08-28T08:31:17.779+0000] {subprocess.py:93} INFO -              ^
[2025-08-28T08:31:17.780+0000] {subprocess.py:97} INFO - Command exited with return code 0
[2025-08-28T08:31:17.781+0000] {taskinstance.py:441} INFO - ::group::Post task execution logs
[2025-08-28T08:31:17.817+0000] {taskinstance.py:1206} INFO - Marking task as SUCCESS. dag_id=ecommerce_pipeline, task_id=top_products, run_id=manual__2025-08-28T07:21:41.282152+00:00, execution_date=20250828T072141, start_date=20250828T083117, end_date=20250828T083117
[2025-08-28T08:31:17.871+0000] {local_task_job_runner.py:240} INFO - Task exited with return code 0
[2025-08-28T08:31:17.897+0000] {taskinstance.py:3503} INFO - 0 downstream tasks scheduled from follow-on schedule check
[2025-08-28T08:31:17.901+0000] {local_task_job_runner.py:222} INFO - ::endgroup::
