[2025-09-03T17:11:09.035+0000] {local_task_job_runner.py:120} INFO - ::group::Pre task execution logs
[2025-09-03T17:11:09.064+0000] {taskinstance.py:2076} INFO - Dependencies all met for dep_context=non-requeueable deps ti=<TaskInstance: ecommerce_pipeline.daily_sales manual__2025-09-03T16:59:38.482309+00:00 [queued]>
[2025-09-03T17:11:09.086+0000] {taskinstance.py:2076} INFO - Dependencies all met for dep_context=requeueable deps ti=<TaskInstance: ecommerce_pipeline.daily_sales manual__2025-09-03T16:59:38.482309+00:00 [queued]>
[2025-09-03T17:11:09.087+0000] {taskinstance.py:2306} INFO - Starting attempt 1 of 2
[2025-09-03T17:11:09.135+0000] {taskinstance.py:2330} INFO - Executing <Task(BashOperator): daily_sales> on 2025-09-03 16:59:38.482309+00:00
[2025-09-03T17:11:09.144+0000] {standard_task_runner.py:63} INFO - Started process 2100 to run task
[2025-09-03T17:11:09.150+0000] {standard_task_runner.py:90} INFO - Running: ['***', 'tasks', 'run', 'ecommerce_pipeline', 'daily_sales', 'manual__2025-09-03T16:59:38.482309+00:00', '--job-id', '179', '--raw', '--subdir', 'DAGS_FOLDER/ecommerce_pipeline_dag.py', '--cfg-path', '/tmp/tmp0kgimeho']
[2025-09-03T17:11:09.153+0000] {standard_task_runner.py:91} INFO - Job 179: Subtask daily_sales
[2025-09-03T17:11:09.220+0000] {logging_mixin.py:188} WARNING - /home/***/.local/lib/python3.10/site-packages/***/settings.py:195 DeprecationWarning: The sql_alchemy_conn option in [core] has been moved to the sql_alchemy_conn option in [database] - the old setting has been used, but please update your config.
[2025-09-03T17:11:09.382+0000] {task_command.py:426} INFO - Running <TaskInstance: ecommerce_pipeline.daily_sales manual__2025-09-03T16:59:38.482309+00:00 [running]> on host 6aba05baf296
[2025-09-03T17:11:09.748+0000] {taskinstance.py:2648} INFO - Exporting env vars: AIRFLOW_CTX_DAG_OWNER='arel' AIRFLOW_CTX_DAG_ID='ecommerce_pipeline' AIRFLOW_CTX_TASK_ID='daily_sales' AIRFLOW_CTX_EXECUTION_DATE='2025-09-03T16:59:38.482309+00:00' AIRFLOW_CTX_TRY_NUMBER='1' AIRFLOW_CTX_DAG_RUN_ID='manual__2025-09-03T16:59:38.482309+00:00'
[2025-09-03T17:11:09.750+0000] {taskinstance.py:430} INFO - ::endgroup::
[2025-09-03T17:11:09.796+0000] {subprocess.py:63} INFO - Tmp dir root location: /tmp
[2025-09-03T17:11:09.798+0000] {subprocess.py:75} INFO - Running command: ['/usr/bin/bash', '-c', 'PGPASSWORD=*** psql -h postgres -U *** -d *** -f /opt/***/sql/daily_sales.sql']
[2025-09-03T17:11:09.824+0000] {subprocess.py:86} INFO - Output:
[2025-09-03T17:11:10.834+0000] {subprocess.py:93} INFO - psql:/opt/***/sql/daily_sales.sql:1: NOTICE:  table "daily_sales" does not exist, skipping
[2025-09-03T17:11:10.836+0000] {subprocess.py:93} INFO - DROP TABLE
[2025-09-03T17:11:10.840+0000] {subprocess.py:93} INFO - psql:/opt/***/sql/daily_sales.sql:12: ERROR:  relation "transactions" does not exist
[2025-09-03T17:11:10.842+0000] {subprocess.py:93} INFO - LINE 7: FROM transactions
[2025-09-03T17:11:10.843+0000] {subprocess.py:93} INFO -              ^
[2025-09-03T17:11:10.844+0000] {subprocess.py:93} INFO - psql:/opt/***/sql/daily_sales.sql:14: ERROR:  relation "daily_sales" does not exist
[2025-09-03T17:11:10.845+0000] {subprocess.py:93} INFO - psql:/opt/***/sql/daily_sales.sql:16: ERROR:  relation "daily_sales" does not exist
[2025-09-03T17:11:10.846+0000] {subprocess.py:93} INFO - LINE 1: SELECT * FROM daily_sales ORDER BY sales_date LIMIT 10;
[2025-09-03T17:11:10.847+0000] {subprocess.py:93} INFO -                       ^
[2025-09-03T17:11:10.853+0000] {subprocess.py:97} INFO - Command exited with return code 0
[2025-09-03T17:11:10.857+0000] {taskinstance.py:441} INFO - ::group::Post task execution logs
[2025-09-03T17:11:11.022+0000] {taskinstance.py:1206} INFO - Marking task as SUCCESS. dag_id=ecommerce_pipeline, task_id=daily_sales, run_id=manual__2025-09-03T16:59:38.482309+00:00, execution_date=20250903T165938, start_date=20250903T171109, end_date=20250903T171111
[2025-09-03T17:11:11.921+0000] {local_task_job_runner.py:240} INFO - Task exited with return code 0
[2025-09-03T17:11:11.970+0000] {taskinstance.py:3503} INFO - 1 downstream tasks scheduled from follow-on schedule check
[2025-09-03T17:11:12.006+0000] {local_task_job_runner.py:222} INFO - ::endgroup::
