[2025-08-28T08:16:39.517+0000] {local_task_job_runner.py:120} INFO - ::group::Pre task execution logs
[2025-08-28T08:16:39.582+0000] {taskinstance.py:2076} INFO - Dependencies all met for dep_context=non-requeueable deps ti=<TaskInstance: ecommerce_pipeline.load_data manual__2025-08-28T07:21:41.282152+00:00 [queued]>
[2025-08-28T08:16:39.600+0000] {taskinstance.py:2076} INFO - Dependencies all met for dep_context=requeueable deps ti=<TaskInstance: ecommerce_pipeline.load_data manual__2025-08-28T07:21:41.282152+00:00 [queued]>
[2025-08-28T08:16:39.601+0000] {taskinstance.py:2306} INFO - Starting attempt 5 of 6
[2025-08-28T08:16:39.625+0000] {taskinstance.py:2330} INFO - Executing <Task(PythonOperator): load_data> on 2025-08-28 07:21:41.282152+00:00
[2025-08-28T08:16:39.636+0000] {standard_task_runner.py:63} INFO - Started process 746 to run task
[2025-08-28T08:16:39.640+0000] {standard_task_runner.py:90} INFO - Running: ['***', 'tasks', 'run', 'ecommerce_pipeline', 'load_data', 'manual__2025-08-28T07:21:41.282152+00:00', '--job-id', '99', '--raw', '--subdir', 'DAGS_FOLDER/ecommerce_pipeline_dag.py', '--cfg-path', '/tmp/tmpq480wqaa']
[2025-08-28T08:16:39.645+0000] {standard_task_runner.py:91} INFO - Job 99: Subtask load_data
[2025-08-28T08:16:39.670+0000] {logging_mixin.py:188} WARNING - /home/***/.local/lib/python3.10/site-packages/***/settings.py:195 DeprecationWarning: The sql_alchemy_conn option in [core] has been moved to the sql_alchemy_conn option in [database] - the old setting has been used, but please update your config.
[2025-08-28T08:16:39.868+0000] {task_command.py:426} INFO - Running <TaskInstance: ecommerce_pipeline.load_data manual__2025-08-28T07:21:41.282152+00:00 [running]> on host 6aba05baf296
[2025-08-28T08:16:40.074+0000] {taskinstance.py:2648} INFO - Exporting env vars: AIRFLOW_CTX_DAG_OWNER='arel' AIRFLOW_CTX_DAG_ID='ecommerce_pipeline' AIRFLOW_CTX_TASK_ID='load_data' AIRFLOW_CTX_EXECUTION_DATE='2025-08-28T07:21:41.282152+00:00' AIRFLOW_CTX_TRY_NUMBER='5' AIRFLOW_CTX_DAG_RUN_ID='manual__2025-08-28T07:21:41.282152+00:00'
[2025-08-28T08:16:40.075+0000] {taskinstance.py:430} INFO - ::endgroup::
[2025-08-28T08:18:27.333+0000] {logging_mixin.py:188} INFO - ✅ Berhasil load data dari: /opt/***/datasets/online_retail.xlsx
[2025-08-28T08:18:27.334+0000] {logging_mixin.py:188} INFO - ==================================================
[2025-08-28T08:18:27.335+0000] {logging_mixin.py:188} INFO - DEBUG: DATA STRUCTURE
[2025-08-28T08:18:27.338+0000] {logging_mixin.py:188} INFO - ==================================================
[2025-08-28T08:18:27.339+0000] {logging_mixin.py:188} INFO - Columns in DataFrame: ['InvoiceNo', 'StockCode', 'Description', 'Quantity', 'InvoiceDate', 'UnitPrice', 'CustomerID', 'Country']
[2025-08-28T08:18:27.340+0000] {logging_mixin.py:188} INFO - Number of rows: 541909
[2025-08-28T08:18:27.341+0000] {logging_mixin.py:188} INFO - 
First 5 rows:
[2025-08-28T08:18:27.580+0000] {logging_mixin.py:188} INFO -   InvoiceNo StockCode  ... CustomerID         Country
0    536365    85123A  ...    17850.0  United Kingdom
1    536365     71053  ...    17850.0  United Kingdom
2    536365    84406B  ...    17850.0  United Kingdom
3    536365    84029G  ...    17850.0  United Kingdom
4    536365    84029E  ...    17850.0  United Kingdom

[5 rows x 8 columns]
[2025-08-28T08:18:27.580+0000] {logging_mixin.py:188} INFO - 
Data types:
[2025-08-28T08:18:27.584+0000] {logging_mixin.py:188} INFO - InvoiceNo              object
StockCode              object
Description            object
Quantity                int64
InvoiceDate    datetime64[ns]
UnitPrice             float64
CustomerID            float64
Country                object
dtype: object
[2025-08-28T08:18:27.586+0000] {logging_mixin.py:188} INFO - ==================================================
[2025-08-28T08:18:33.948+0000] {logging_mixin.py:188} INFO - ✅ Data berhasil disimpan ke: /tmp/orders.csv
[2025-08-28T08:25:31.455+0000] {logging_mixin.py:188} INFO - [Postgres] Data berhasil dimasukkan ke tabel 'orders' ✅
[2025-08-28T08:25:36.855+0000] {logging_mixin.py:188} INFO - [MinIO] File 'orders.csv' berhasil di-upload ✅
[2025-08-28T08:25:36.857+0000] {logging_mixin.py:188} INFO - ✅ ETL process completed successfully!
[2025-08-28T08:25:36.901+0000] {python.py:237} INFO - Done. Returned value was: None
[2025-08-28T08:25:36.902+0000] {taskinstance.py:441} INFO - ::group::Post task execution logs
[2025-08-28T08:25:36.924+0000] {taskinstance.py:1206} INFO - Marking task as SUCCESS. dag_id=ecommerce_pipeline, task_id=load_data, run_id=manual__2025-08-28T07:21:41.282152+00:00, execution_date=20250828T072141, start_date=20250828T081639, end_date=20250828T082536
[2025-08-28T08:25:37.127+0000] {local_task_job_runner.py:240} INFO - Task exited with return code 0
[2025-08-28T08:25:37.179+0000] {taskinstance.py:3503} INFO - 3 downstream tasks scheduled from follow-on schedule check
[2025-08-28T08:25:37.236+0000] {local_task_job_runner.py:222} INFO - ::endgroup::
