[2025-09-03T16:44:22.006+0000] {processor.py:161} INFO - Started process (PID=1036) to work on /opt/airflow/dags/upload_to_s3_dag.py
[2025-09-03T16:44:22.011+0000] {processor.py:830} INFO - Processing file /opt/airflow/dags/upload_to_s3_dag.py for tasks to queue
[2025-09-03T16:44:22.014+0000] {logging_mixin.py:188} INFO - [2025-09-03T16:44:22.014+0000] {dagbag.py:545} INFO - Filling up the DagBag from /opt/airflow/dags/upload_to_s3_dag.py
[2025-09-03T16:44:22.089+0000] {processor.py:840} INFO - DAG(s) 'upload_to_s3_dag' retrieved from /opt/airflow/dags/upload_to_s3_dag.py
[2025-09-03T16:44:22.629+0000] {logging_mixin.py:188} INFO - [2025-09-03T16:44:22.628+0000] {override.py:1829} INFO - Created Permission View: can edit on DAG:upload_to_s3_dag
[2025-09-03T16:44:22.660+0000] {logging_mixin.py:188} INFO - [2025-09-03T16:44:22.659+0000] {override.py:1829} INFO - Created Permission View: can read on DAG:upload_to_s3_dag
[2025-09-03T16:44:22.701+0000] {logging_mixin.py:188} INFO - [2025-09-03T16:44:22.700+0000] {override.py:1829} INFO - Created Permission View: can delete on DAG:upload_to_s3_dag
[2025-09-03T16:44:22.702+0000] {logging_mixin.py:188} INFO - [2025-09-03T16:44:22.702+0000] {dag.py:3096} INFO - Sync 1 DAGs
[2025-09-03T16:44:22.745+0000] {logging_mixin.py:188} INFO - [2025-09-03T16:44:22.744+0000] {dag.py:3118} INFO - Creating ORM DAG for upload_to_s3_dag
[2025-09-03T16:44:22.747+0000] {logging_mixin.py:188} INFO - [2025-09-03T16:44:22.746+0000] {dag.py:3954} INFO - Setting next_dagrun for upload_to_s3_dag to None, run_after=None
[2025-09-03T16:44:22.829+0000] {processor.py:183} INFO - Processing /opt/airflow/dags/upload_to_s3_dag.py took 0.837 seconds
[2025-09-03T16:44:54.415+0000] {processor.py:161} INFO - Started process (PID=1056) to work on /opt/airflow/dags/upload_to_s3_dag.py
[2025-09-03T16:44:54.416+0000] {processor.py:830} INFO - Processing file /opt/airflow/dags/upload_to_s3_dag.py for tasks to queue
[2025-09-03T16:44:54.419+0000] {logging_mixin.py:188} INFO - [2025-09-03T16:44:54.418+0000] {dagbag.py:545} INFO - Filling up the DagBag from /opt/airflow/dags/upload_to_s3_dag.py
[2025-09-03T16:44:54.444+0000] {processor.py:840} INFO - DAG(s) 'upload_to_s3_dag' retrieved from /opt/airflow/dags/upload_to_s3_dag.py
[2025-09-03T16:44:54.485+0000] {logging_mixin.py:188} INFO - [2025-09-03T16:44:54.484+0000] {dag.py:3096} INFO - Sync 1 DAGs
[2025-09-03T16:44:54.502+0000] {logging_mixin.py:188} INFO - [2025-09-03T16:44:54.501+0000] {dag.py:3954} INFO - Setting next_dagrun for upload_to_s3_dag to None, run_after=None
[2025-09-03T16:44:54.541+0000] {processor.py:183} INFO - Processing /opt/airflow/dags/upload_to_s3_dag.py took 0.134 seconds
[2025-09-03T16:45:25.306+0000] {processor.py:161} INFO - Started process (PID=1076) to work on /opt/airflow/dags/upload_to_s3_dag.py
[2025-09-03T16:45:25.308+0000] {processor.py:830} INFO - Processing file /opt/airflow/dags/upload_to_s3_dag.py for tasks to queue
[2025-09-03T16:45:25.311+0000] {logging_mixin.py:188} INFO - [2025-09-03T16:45:25.311+0000] {dagbag.py:545} INFO - Filling up the DagBag from /opt/airflow/dags/upload_to_s3_dag.py
[2025-09-03T16:45:25.348+0000] {processor.py:840} INFO - DAG(s) 'upload_to_s3_dag' retrieved from /opt/airflow/dags/upload_to_s3_dag.py
[2025-09-03T16:45:25.385+0000] {logging_mixin.py:188} INFO - [2025-09-03T16:45:25.384+0000] {dag.py:3096} INFO - Sync 1 DAGs
[2025-09-03T16:45:25.405+0000] {logging_mixin.py:188} INFO - [2025-09-03T16:45:25.404+0000] {dag.py:3954} INFO - Setting next_dagrun for upload_to_s3_dag to None, run_after=None
[2025-09-03T16:45:25.437+0000] {processor.py:183} INFO - Processing /opt/airflow/dags/upload_to_s3_dag.py took 0.140 seconds
[2025-09-03T16:45:42.815+0000] {processor.py:161} INFO - Started process (PID=1091) to work on /opt/airflow/dags/upload_to_s3_dag.py
[2025-09-03T16:45:42.816+0000] {processor.py:830} INFO - Processing file /opt/airflow/dags/upload_to_s3_dag.py for tasks to queue
[2025-09-03T16:45:42.819+0000] {logging_mixin.py:188} INFO - [2025-09-03T16:45:42.818+0000] {dagbag.py:545} INFO - Filling up the DagBag from /opt/airflow/dags/upload_to_s3_dag.py
[2025-09-03T16:45:42.867+0000] {processor.py:840} INFO - DAG(s) 'upload_to_s3_dag' retrieved from /opt/airflow/dags/upload_to_s3_dag.py
[2025-09-03T16:45:42.897+0000] {logging_mixin.py:188} INFO - [2025-09-03T16:45:42.897+0000] {dag.py:3096} INFO - Sync 1 DAGs
[2025-09-03T16:45:42.919+0000] {logging_mixin.py:188} INFO - [2025-09-03T16:45:42.918+0000] {dag.py:3954} INFO - Setting next_dagrun for upload_to_s3_dag to None, run_after=None
[2025-09-03T16:45:42.957+0000] {processor.py:183} INFO - Processing /opt/airflow/dags/upload_to_s3_dag.py took 0.154 seconds
[2025-09-03T16:46:13.797+0000] {processor.py:161} INFO - Started process (PID=1122) to work on /opt/airflow/dags/upload_to_s3_dag.py
[2025-09-03T16:46:13.798+0000] {processor.py:830} INFO - Processing file /opt/airflow/dags/upload_to_s3_dag.py for tasks to queue
[2025-09-03T16:46:13.802+0000] {logging_mixin.py:188} INFO - [2025-09-03T16:46:13.801+0000] {dagbag.py:545} INFO - Filling up the DagBag from /opt/airflow/dags/upload_to_s3_dag.py
[2025-09-03T16:46:13.829+0000] {processor.py:840} INFO - DAG(s) 'upload_to_s3_dag' retrieved from /opt/airflow/dags/upload_to_s3_dag.py
[2025-09-03T16:46:13.866+0000] {logging_mixin.py:188} INFO - [2025-09-03T16:46:13.866+0000] {dag.py:3096} INFO - Sync 1 DAGs
[2025-09-03T16:46:13.888+0000] {logging_mixin.py:188} INFO - [2025-09-03T16:46:13.888+0000] {dag.py:3954} INFO - Setting next_dagrun for upload_to_s3_dag to None, run_after=None
[2025-09-03T16:46:13.954+0000] {processor.py:183} INFO - Processing /opt/airflow/dags/upload_to_s3_dag.py took 0.169 seconds
[2025-09-03T16:46:44.718+0000] {processor.py:161} INFO - Started process (PID=1142) to work on /opt/airflow/dags/upload_to_s3_dag.py
[2025-09-03T16:46:44.720+0000] {processor.py:830} INFO - Processing file /opt/airflow/dags/upload_to_s3_dag.py for tasks to queue
[2025-09-03T16:46:44.722+0000] {logging_mixin.py:188} INFO - [2025-09-03T16:46:44.722+0000] {dagbag.py:545} INFO - Filling up the DagBag from /opt/airflow/dags/upload_to_s3_dag.py
[2025-09-03T16:46:44.764+0000] {processor.py:840} INFO - DAG(s) 'upload_to_s3_dag' retrieved from /opt/airflow/dags/upload_to_s3_dag.py
[2025-09-03T16:46:44.800+0000] {logging_mixin.py:188} INFO - [2025-09-03T16:46:44.800+0000] {dag.py:3096} INFO - Sync 1 DAGs
[2025-09-03T16:46:44.822+0000] {logging_mixin.py:188} INFO - [2025-09-03T16:46:44.822+0000] {dag.py:3954} INFO - Setting next_dagrun for upload_to_s3_dag to None, run_after=None
[2025-09-03T16:46:44.856+0000] {processor.py:183} INFO - Processing /opt/airflow/dags/upload_to_s3_dag.py took 0.148 seconds
[2025-09-03T16:47:16.598+0000] {processor.py:161} INFO - Started process (PID=1162) to work on /opt/airflow/dags/upload_to_s3_dag.py
[2025-09-03T16:47:16.600+0000] {processor.py:830} INFO - Processing file /opt/airflow/dags/upload_to_s3_dag.py for tasks to queue
[2025-09-03T16:47:16.603+0000] {logging_mixin.py:188} INFO - [2025-09-03T16:47:16.603+0000] {dagbag.py:545} INFO - Filling up the DagBag from /opt/airflow/dags/upload_to_s3_dag.py
[2025-09-03T16:47:16.638+0000] {processor.py:840} INFO - DAG(s) 'upload_to_s3_dag' retrieved from /opt/airflow/dags/upload_to_s3_dag.py
[2025-09-03T16:47:16.672+0000] {logging_mixin.py:188} INFO - [2025-09-03T16:47:16.672+0000] {dag.py:3096} INFO - Sync 1 DAGs
[2025-09-03T16:47:16.692+0000] {logging_mixin.py:188} INFO - [2025-09-03T16:47:16.691+0000] {dag.py:3954} INFO - Setting next_dagrun for upload_to_s3_dag to None, run_after=None
[2025-09-03T16:47:16.724+0000] {processor.py:183} INFO - Processing /opt/airflow/dags/upload_to_s3_dag.py took 0.137 seconds
[2025-09-03T16:47:46.942+0000] {processor.py:161} INFO - Started process (PID=1182) to work on /opt/airflow/dags/upload_to_s3_dag.py
[2025-09-03T16:47:46.943+0000] {processor.py:830} INFO - Processing file /opt/airflow/dags/upload_to_s3_dag.py for tasks to queue
[2025-09-03T16:47:46.946+0000] {logging_mixin.py:188} INFO - [2025-09-03T16:47:46.945+0000] {dagbag.py:545} INFO - Filling up the DagBag from /opt/airflow/dags/upload_to_s3_dag.py
[2025-09-03T16:47:46.976+0000] {processor.py:840} INFO - DAG(s) 'upload_to_s3_dag' retrieved from /opt/airflow/dags/upload_to_s3_dag.py
[2025-09-03T16:47:47.014+0000] {logging_mixin.py:188} INFO - [2025-09-03T16:47:47.013+0000] {dag.py:3096} INFO - Sync 1 DAGs
[2025-09-03T16:47:47.034+0000] {logging_mixin.py:188} INFO - [2025-09-03T16:47:47.033+0000] {dag.py:3954} INFO - Setting next_dagrun for upload_to_s3_dag to None, run_after=None
[2025-09-03T16:47:47.064+0000] {processor.py:183} INFO - Processing /opt/airflow/dags/upload_to_s3_dag.py took 0.131 seconds
[2025-09-03T16:48:18.880+0000] {processor.py:161} INFO - Started process (PID=1202) to work on /opt/airflow/dags/upload_to_s3_dag.py
[2025-09-03T16:48:18.936+0000] {processor.py:830} INFO - Processing file /opt/airflow/dags/upload_to_s3_dag.py for tasks to queue
[2025-09-03T16:48:19.015+0000] {logging_mixin.py:188} INFO - [2025-09-03T16:48:19.014+0000] {dagbag.py:545} INFO - Filling up the DagBag from /opt/airflow/dags/upload_to_s3_dag.py
[2025-09-03T16:48:19.208+0000] {processor.py:840} INFO - DAG(s) 'upload_to_s3_dag' retrieved from /opt/airflow/dags/upload_to_s3_dag.py
[2025-09-03T16:48:19.242+0000] {logging_mixin.py:188} INFO - [2025-09-03T16:48:19.242+0000] {dag.py:3096} INFO - Sync 1 DAGs
[2025-09-03T16:48:19.262+0000] {logging_mixin.py:188} INFO - [2025-09-03T16:48:19.261+0000] {dag.py:3954} INFO - Setting next_dagrun for upload_to_s3_dag to None, run_after=None
[2025-09-03T16:48:19.294+0000] {processor.py:183} INFO - Processing /opt/airflow/dags/upload_to_s3_dag.py took 0.449 seconds
[2025-09-03T16:48:51.312+0000] {processor.py:161} INFO - Started process (PID=1222) to work on /opt/airflow/dags/upload_to_s3_dag.py
[2025-09-03T16:48:51.316+0000] {processor.py:830} INFO - Processing file /opt/airflow/dags/upload_to_s3_dag.py for tasks to queue
[2025-09-03T16:48:51.319+0000] {logging_mixin.py:188} INFO - [2025-09-03T16:48:51.319+0000] {dagbag.py:545} INFO - Filling up the DagBag from /opt/airflow/dags/upload_to_s3_dag.py
[2025-09-03T16:48:51.371+0000] {processor.py:840} INFO - DAG(s) 'upload_to_s3_dag' retrieved from /opt/airflow/dags/upload_to_s3_dag.py
[2025-09-03T16:48:51.441+0000] {logging_mixin.py:188} INFO - [2025-09-03T16:48:51.441+0000] {dag.py:3096} INFO - Sync 1 DAGs
[2025-09-03T16:48:51.472+0000] {logging_mixin.py:188} INFO - [2025-09-03T16:48:51.472+0000] {dag.py:3954} INFO - Setting next_dagrun for upload_to_s3_dag to None, run_after=None
[2025-09-03T16:48:51.526+0000] {processor.py:183} INFO - Processing /opt/airflow/dags/upload_to_s3_dag.py took 0.228 seconds
[2025-09-03T16:49:23.322+0000] {processor.py:161} INFO - Started process (PID=1242) to work on /opt/airflow/dags/upload_to_s3_dag.py
[2025-09-03T16:49:23.323+0000] {processor.py:830} INFO - Processing file /opt/airflow/dags/upload_to_s3_dag.py for tasks to queue
[2025-09-03T16:49:23.328+0000] {logging_mixin.py:188} INFO - [2025-09-03T16:49:23.327+0000] {dagbag.py:545} INFO - Filling up the DagBag from /opt/airflow/dags/upload_to_s3_dag.py
[2025-09-03T16:49:23.358+0000] {processor.py:840} INFO - DAG(s) 'upload_to_s3_dag' retrieved from /opt/airflow/dags/upload_to_s3_dag.py
[2025-09-03T16:49:23.393+0000] {logging_mixin.py:188} INFO - [2025-09-03T16:49:23.393+0000] {dag.py:3096} INFO - Sync 1 DAGs
[2025-09-03T16:49:23.411+0000] {logging_mixin.py:188} INFO - [2025-09-03T16:49:23.410+0000] {dag.py:3954} INFO - Setting next_dagrun for upload_to_s3_dag to None, run_after=None
[2025-09-03T16:49:23.447+0000] {processor.py:183} INFO - Processing /opt/airflow/dags/upload_to_s3_dag.py took 0.138 seconds
[2025-09-03T16:49:54.775+0000] {processor.py:161} INFO - Started process (PID=1262) to work on /opt/airflow/dags/upload_to_s3_dag.py
[2025-09-03T16:49:54.782+0000] {processor.py:830} INFO - Processing file /opt/airflow/dags/upload_to_s3_dag.py for tasks to queue
[2025-09-03T16:49:54.786+0000] {logging_mixin.py:188} INFO - [2025-09-03T16:49:54.785+0000] {dagbag.py:545} INFO - Filling up the DagBag from /opt/airflow/dags/upload_to_s3_dag.py
[2025-09-03T16:49:54.850+0000] {processor.py:840} INFO - DAG(s) 'upload_to_s3_dag' retrieved from /opt/airflow/dags/upload_to_s3_dag.py
[2025-09-03T16:49:54.886+0000] {logging_mixin.py:188} INFO - [2025-09-03T16:49:54.885+0000] {dag.py:3096} INFO - Sync 1 DAGs
[2025-09-03T16:49:54.906+0000] {logging_mixin.py:188} INFO - [2025-09-03T16:49:54.905+0000] {dag.py:3954} INFO - Setting next_dagrun for upload_to_s3_dag to None, run_after=None
[2025-09-03T16:49:54.938+0000] {processor.py:183} INFO - Processing /opt/airflow/dags/upload_to_s3_dag.py took 0.183 seconds
[2025-09-03T16:50:25.093+0000] {processor.py:161} INFO - Started process (PID=1282) to work on /opt/airflow/dags/upload_to_s3_dag.py
[2025-09-03T16:50:25.095+0000] {processor.py:830} INFO - Processing file /opt/airflow/dags/upload_to_s3_dag.py for tasks to queue
[2025-09-03T16:50:25.098+0000] {logging_mixin.py:188} INFO - [2025-09-03T16:50:25.097+0000] {dagbag.py:545} INFO - Filling up the DagBag from /opt/airflow/dags/upload_to_s3_dag.py
[2025-09-03T16:50:25.145+0000] {processor.py:840} INFO - DAG(s) 'upload_to_s3_dag' retrieved from /opt/airflow/dags/upload_to_s3_dag.py
[2025-09-03T16:50:25.193+0000] {logging_mixin.py:188} INFO - [2025-09-03T16:50:25.193+0000] {dag.py:3096} INFO - Sync 1 DAGs
[2025-09-03T16:50:25.222+0000] {logging_mixin.py:188} INFO - [2025-09-03T16:50:25.222+0000] {dag.py:3954} INFO - Setting next_dagrun for upload_to_s3_dag to None, run_after=None
[2025-09-03T16:50:25.261+0000] {processor.py:183} INFO - Processing /opt/airflow/dags/upload_to_s3_dag.py took 0.179 seconds
[2025-09-03T16:50:56.448+0000] {processor.py:161} INFO - Started process (PID=1302) to work on /opt/airflow/dags/upload_to_s3_dag.py
[2025-09-03T16:50:56.450+0000] {processor.py:830} INFO - Processing file /opt/airflow/dags/upload_to_s3_dag.py for tasks to queue
[2025-09-03T16:50:56.454+0000] {logging_mixin.py:188} INFO - [2025-09-03T16:50:56.453+0000] {dagbag.py:545} INFO - Filling up the DagBag from /opt/airflow/dags/upload_to_s3_dag.py
[2025-09-03T16:50:56.564+0000] {processor.py:840} INFO - DAG(s) 'upload_to_s3_dag' retrieved from /opt/airflow/dags/upload_to_s3_dag.py
[2025-09-03T16:50:56.626+0000] {logging_mixin.py:188} INFO - [2025-09-03T16:50:56.626+0000] {dag.py:3096} INFO - Sync 1 DAGs
[2025-09-03T16:50:56.651+0000] {logging_mixin.py:188} INFO - [2025-09-03T16:50:56.650+0000] {dag.py:3954} INFO - Setting next_dagrun for upload_to_s3_dag to None, run_after=None
[2025-09-03T16:50:56.730+0000] {processor.py:183} INFO - Processing /opt/airflow/dags/upload_to_s3_dag.py took 0.300 seconds
[2025-09-03T16:51:27.735+0000] {processor.py:161} INFO - Started process (PID=1322) to work on /opt/airflow/dags/upload_to_s3_dag.py
[2025-09-03T16:51:27.737+0000] {processor.py:830} INFO - Processing file /opt/airflow/dags/upload_to_s3_dag.py for tasks to queue
[2025-09-03T16:51:27.740+0000] {logging_mixin.py:188} INFO - [2025-09-03T16:51:27.740+0000] {dagbag.py:545} INFO - Filling up the DagBag from /opt/airflow/dags/upload_to_s3_dag.py
[2025-09-03T16:51:27.792+0000] {processor.py:840} INFO - DAG(s) 'upload_to_s3_dag' retrieved from /opt/airflow/dags/upload_to_s3_dag.py
[2025-09-03T16:51:27.846+0000] {logging_mixin.py:188} INFO - [2025-09-03T16:51:27.845+0000] {dag.py:3096} INFO - Sync 1 DAGs
[2025-09-03T16:51:27.869+0000] {logging_mixin.py:188} INFO - [2025-09-03T16:51:27.869+0000] {dag.py:3954} INFO - Setting next_dagrun for upload_to_s3_dag to None, run_after=None
[2025-09-03T16:51:27.906+0000] {processor.py:183} INFO - Processing /opt/airflow/dags/upload_to_s3_dag.py took 0.190 seconds
[2025-09-03T16:51:58.147+0000] {processor.py:161} INFO - Started process (PID=1342) to work on /opt/airflow/dags/upload_to_s3_dag.py
[2025-09-03T16:51:58.151+0000] {processor.py:830} INFO - Processing file /opt/airflow/dags/upload_to_s3_dag.py for tasks to queue
[2025-09-03T16:51:58.163+0000] {logging_mixin.py:188} INFO - [2025-09-03T16:51:58.162+0000] {dagbag.py:545} INFO - Filling up the DagBag from /opt/airflow/dags/upload_to_s3_dag.py
[2025-09-03T16:51:58.259+0000] {processor.py:840} INFO - DAG(s) 'upload_to_s3_dag' retrieved from /opt/airflow/dags/upload_to_s3_dag.py
[2025-09-03T16:51:58.384+0000] {logging_mixin.py:188} INFO - [2025-09-03T16:51:58.383+0000] {dag.py:3096} INFO - Sync 1 DAGs
[2025-09-03T16:51:58.417+0000] {logging_mixin.py:188} INFO - [2025-09-03T16:51:58.416+0000] {dag.py:3954} INFO - Setting next_dagrun for upload_to_s3_dag to None, run_after=None
[2025-09-03T16:51:58.456+0000] {processor.py:183} INFO - Processing /opt/airflow/dags/upload_to_s3_dag.py took 0.332 seconds
[2025-09-03T16:52:28.838+0000] {processor.py:161} INFO - Started process (PID=1362) to work on /opt/airflow/dags/upload_to_s3_dag.py
[2025-09-03T16:52:28.841+0000] {processor.py:830} INFO - Processing file /opt/airflow/dags/upload_to_s3_dag.py for tasks to queue
[2025-09-03T16:52:28.845+0000] {logging_mixin.py:188} INFO - [2025-09-03T16:52:28.844+0000] {dagbag.py:545} INFO - Filling up the DagBag from /opt/airflow/dags/upload_to_s3_dag.py
[2025-09-03T16:52:28.921+0000] {processor.py:840} INFO - DAG(s) 'upload_to_s3_dag' retrieved from /opt/airflow/dags/upload_to_s3_dag.py
[2025-09-03T16:52:28.970+0000] {logging_mixin.py:188} INFO - [2025-09-03T16:52:28.969+0000] {dag.py:3096} INFO - Sync 1 DAGs
[2025-09-03T16:52:28.990+0000] {logging_mixin.py:188} INFO - [2025-09-03T16:52:28.989+0000] {dag.py:3954} INFO - Setting next_dagrun for upload_to_s3_dag to None, run_after=None
[2025-09-03T16:52:29.027+0000] {processor.py:183} INFO - Processing /opt/airflow/dags/upload_to_s3_dag.py took 0.207 seconds
[2025-09-03T16:52:59.230+0000] {processor.py:161} INFO - Started process (PID=1382) to work on /opt/airflow/dags/upload_to_s3_dag.py
[2025-09-03T16:52:59.235+0000] {processor.py:830} INFO - Processing file /opt/airflow/dags/upload_to_s3_dag.py for tasks to queue
[2025-09-03T16:52:59.240+0000] {logging_mixin.py:188} INFO - [2025-09-03T16:52:59.239+0000] {dagbag.py:545} INFO - Filling up the DagBag from /opt/airflow/dags/upload_to_s3_dag.py
[2025-09-03T16:52:59.278+0000] {processor.py:840} INFO - DAG(s) 'upload_to_s3_dag' retrieved from /opt/airflow/dags/upload_to_s3_dag.py
[2025-09-03T16:52:59.319+0000] {logging_mixin.py:188} INFO - [2025-09-03T16:52:59.319+0000] {dag.py:3096} INFO - Sync 1 DAGs
[2025-09-03T16:52:59.338+0000] {logging_mixin.py:188} INFO - [2025-09-03T16:52:59.338+0000] {dag.py:3954} INFO - Setting next_dagrun for upload_to_s3_dag to None, run_after=None
[2025-09-03T16:52:59.377+0000] {processor.py:183} INFO - Processing /opt/airflow/dags/upload_to_s3_dag.py took 0.162 seconds
[2025-09-03T16:53:29.735+0000] {processor.py:161} INFO - Started process (PID=1402) to work on /opt/airflow/dags/upload_to_s3_dag.py
[2025-09-03T16:53:29.736+0000] {processor.py:830} INFO - Processing file /opt/airflow/dags/upload_to_s3_dag.py for tasks to queue
[2025-09-03T16:53:29.739+0000] {logging_mixin.py:188} INFO - [2025-09-03T16:53:29.738+0000] {dagbag.py:545} INFO - Filling up the DagBag from /opt/airflow/dags/upload_to_s3_dag.py
[2025-09-03T16:53:29.767+0000] {processor.py:840} INFO - DAG(s) 'upload_to_s3_dag' retrieved from /opt/airflow/dags/upload_to_s3_dag.py
[2025-09-03T16:53:29.804+0000] {logging_mixin.py:188} INFO - [2025-09-03T16:53:29.803+0000] {dag.py:3096} INFO - Sync 1 DAGs
[2025-09-03T16:53:29.823+0000] {logging_mixin.py:188} INFO - [2025-09-03T16:53:29.822+0000] {dag.py:3954} INFO - Setting next_dagrun for upload_to_s3_dag to None, run_after=None
[2025-09-03T16:53:29.853+0000] {processor.py:183} INFO - Processing /opt/airflow/dags/upload_to_s3_dag.py took 0.127 seconds
[2025-09-03T16:54:00.288+0000] {processor.py:161} INFO - Started process (PID=1422) to work on /opt/airflow/dags/upload_to_s3_dag.py
[2025-09-03T16:54:00.291+0000] {processor.py:830} INFO - Processing file /opt/airflow/dags/upload_to_s3_dag.py for tasks to queue
[2025-09-03T16:54:00.293+0000] {logging_mixin.py:188} INFO - [2025-09-03T16:54:00.293+0000] {dagbag.py:545} INFO - Filling up the DagBag from /opt/airflow/dags/upload_to_s3_dag.py
[2025-09-03T16:54:00.321+0000] {processor.py:840} INFO - DAG(s) 'upload_to_s3_dag' retrieved from /opt/airflow/dags/upload_to_s3_dag.py
[2025-09-03T16:54:00.363+0000] {logging_mixin.py:188} INFO - [2025-09-03T16:54:00.362+0000] {dag.py:3096} INFO - Sync 1 DAGs
[2025-09-03T16:54:00.389+0000] {logging_mixin.py:188} INFO - [2025-09-03T16:54:00.388+0000] {dag.py:3954} INFO - Setting next_dagrun for upload_to_s3_dag to None, run_after=None
[2025-09-03T16:54:00.439+0000] {processor.py:183} INFO - Processing /opt/airflow/dags/upload_to_s3_dag.py took 0.164 seconds
[2025-09-03T16:54:30.907+0000] {processor.py:161} INFO - Started process (PID=1442) to work on /opt/airflow/dags/upload_to_s3_dag.py
[2025-09-03T16:54:30.908+0000] {processor.py:830} INFO - Processing file /opt/airflow/dags/upload_to_s3_dag.py for tasks to queue
[2025-09-03T16:54:30.910+0000] {logging_mixin.py:188} INFO - [2025-09-03T16:54:30.910+0000] {dagbag.py:545} INFO - Filling up the DagBag from /opt/airflow/dags/upload_to_s3_dag.py
[2025-09-03T16:54:30.936+0000] {processor.py:840} INFO - DAG(s) 'upload_to_s3_dag' retrieved from /opt/airflow/dags/upload_to_s3_dag.py
[2025-09-03T16:54:30.965+0000] {logging_mixin.py:188} INFO - [2025-09-03T16:54:30.964+0000] {dag.py:3096} INFO - Sync 1 DAGs
[2025-09-03T16:54:30.982+0000] {logging_mixin.py:188} INFO - [2025-09-03T16:54:30.982+0000] {dag.py:3954} INFO - Setting next_dagrun for upload_to_s3_dag to None, run_after=None
[2025-09-03T16:54:31.012+0000] {processor.py:183} INFO - Processing /opt/airflow/dags/upload_to_s3_dag.py took 0.112 seconds
[2025-09-03T16:55:01.481+0000] {processor.py:161} INFO - Started process (PID=1462) to work on /opt/airflow/dags/upload_to_s3_dag.py
[2025-09-03T16:55:01.483+0000] {processor.py:830} INFO - Processing file /opt/airflow/dags/upload_to_s3_dag.py for tasks to queue
[2025-09-03T16:55:01.487+0000] {logging_mixin.py:188} INFO - [2025-09-03T16:55:01.486+0000] {dagbag.py:545} INFO - Filling up the DagBag from /opt/airflow/dags/upload_to_s3_dag.py
[2025-09-03T16:55:01.517+0000] {processor.py:840} INFO - DAG(s) 'upload_to_s3_dag' retrieved from /opt/airflow/dags/upload_to_s3_dag.py
[2025-09-03T16:55:01.552+0000] {logging_mixin.py:188} INFO - [2025-09-03T16:55:01.552+0000] {dag.py:3096} INFO - Sync 1 DAGs
[2025-09-03T16:55:01.570+0000] {logging_mixin.py:188} INFO - [2025-09-03T16:55:01.569+0000] {dag.py:3954} INFO - Setting next_dagrun for upload_to_s3_dag to None, run_after=None
[2025-09-03T16:55:01.602+0000] {processor.py:183} INFO - Processing /opt/airflow/dags/upload_to_s3_dag.py took 0.130 seconds
[2025-09-03T16:55:32.010+0000] {processor.py:161} INFO - Started process (PID=1482) to work on /opt/airflow/dags/upload_to_s3_dag.py
[2025-09-03T16:55:32.012+0000] {processor.py:830} INFO - Processing file /opt/airflow/dags/upload_to_s3_dag.py for tasks to queue
[2025-09-03T16:55:32.015+0000] {logging_mixin.py:188} INFO - [2025-09-03T16:55:32.014+0000] {dagbag.py:545} INFO - Filling up the DagBag from /opt/airflow/dags/upload_to_s3_dag.py
[2025-09-03T16:55:32.045+0000] {processor.py:840} INFO - DAG(s) 'upload_to_s3_dag' retrieved from /opt/airflow/dags/upload_to_s3_dag.py
[2025-09-03T16:55:32.078+0000] {logging_mixin.py:188} INFO - [2025-09-03T16:55:32.078+0000] {dag.py:3096} INFO - Sync 1 DAGs
[2025-09-03T16:55:32.099+0000] {logging_mixin.py:188} INFO - [2025-09-03T16:55:32.099+0000] {dag.py:3954} INFO - Setting next_dagrun for upload_to_s3_dag to None, run_after=None
[2025-09-03T16:55:32.130+0000] {processor.py:183} INFO - Processing /opt/airflow/dags/upload_to_s3_dag.py took 0.129 seconds
[2025-09-03T16:56:03.711+0000] {processor.py:161} INFO - Started process (PID=1502) to work on /opt/airflow/dags/upload_to_s3_dag.py
[2025-09-03T16:56:03.713+0000] {processor.py:830} INFO - Processing file /opt/airflow/dags/upload_to_s3_dag.py for tasks to queue
[2025-09-03T16:56:03.715+0000] {logging_mixin.py:188} INFO - [2025-09-03T16:56:03.715+0000] {dagbag.py:545} INFO - Filling up the DagBag from /opt/airflow/dags/upload_to_s3_dag.py
[2025-09-03T16:56:03.748+0000] {processor.py:840} INFO - DAG(s) 'upload_to_s3_dag' retrieved from /opt/airflow/dags/upload_to_s3_dag.py
[2025-09-03T16:56:03.779+0000] {logging_mixin.py:188} INFO - [2025-09-03T16:56:03.778+0000] {dag.py:3096} INFO - Sync 1 DAGs
[2025-09-03T16:56:03.800+0000] {logging_mixin.py:188} INFO - [2025-09-03T16:56:03.799+0000] {dag.py:3954} INFO - Setting next_dagrun for upload_to_s3_dag to None, run_after=None
[2025-09-03T16:56:03.832+0000] {processor.py:183} INFO - Processing /opt/airflow/dags/upload_to_s3_dag.py took 0.130 seconds
[2025-09-03T16:56:34.543+0000] {processor.py:161} INFO - Started process (PID=1522) to work on /opt/airflow/dags/upload_to_s3_dag.py
[2025-09-03T16:56:34.545+0000] {processor.py:830} INFO - Processing file /opt/airflow/dags/upload_to_s3_dag.py for tasks to queue
[2025-09-03T16:56:34.548+0000] {logging_mixin.py:188} INFO - [2025-09-03T16:56:34.547+0000] {dagbag.py:545} INFO - Filling up the DagBag from /opt/airflow/dags/upload_to_s3_dag.py
[2025-09-03T16:56:34.577+0000] {processor.py:840} INFO - DAG(s) 'upload_to_s3_dag' retrieved from /opt/airflow/dags/upload_to_s3_dag.py
[2025-09-03T16:56:34.619+0000] {logging_mixin.py:188} INFO - [2025-09-03T16:56:34.618+0000] {dag.py:3096} INFO - Sync 1 DAGs
[2025-09-03T16:56:34.636+0000] {logging_mixin.py:188} INFO - [2025-09-03T16:56:34.636+0000] {dag.py:3954} INFO - Setting next_dagrun for upload_to_s3_dag to None, run_after=None
[2025-09-03T16:56:34.668+0000] {processor.py:183} INFO - Processing /opt/airflow/dags/upload_to_s3_dag.py took 0.137 seconds
[2025-09-03T16:57:05.334+0000] {processor.py:161} INFO - Started process (PID=1542) to work on /opt/airflow/dags/upload_to_s3_dag.py
[2025-09-03T16:57:05.336+0000] {processor.py:830} INFO - Processing file /opt/airflow/dags/upload_to_s3_dag.py for tasks to queue
[2025-09-03T16:57:05.339+0000] {logging_mixin.py:188} INFO - [2025-09-03T16:57:05.339+0000] {dagbag.py:545} INFO - Filling up the DagBag from /opt/airflow/dags/upload_to_s3_dag.py
[2025-09-03T16:57:05.365+0000] {processor.py:840} INFO - DAG(s) 'upload_to_s3_dag' retrieved from /opt/airflow/dags/upload_to_s3_dag.py
[2025-09-03T16:57:05.403+0000] {logging_mixin.py:188} INFO - [2025-09-03T16:57:05.403+0000] {dag.py:3096} INFO - Sync 1 DAGs
[2025-09-03T16:57:05.424+0000] {logging_mixin.py:188} INFO - [2025-09-03T16:57:05.424+0000] {dag.py:3954} INFO - Setting next_dagrun for upload_to_s3_dag to None, run_after=None
[2025-09-03T16:57:05.454+0000] {processor.py:183} INFO - Processing /opt/airflow/dags/upload_to_s3_dag.py took 0.129 seconds
[2025-09-03T16:57:36.228+0000] {processor.py:161} INFO - Started process (PID=1562) to work on /opt/airflow/dags/upload_to_s3_dag.py
[2025-09-03T16:57:36.229+0000] {processor.py:830} INFO - Processing file /opt/airflow/dags/upload_to_s3_dag.py for tasks to queue
[2025-09-03T16:57:36.232+0000] {logging_mixin.py:188} INFO - [2025-09-03T16:57:36.232+0000] {dagbag.py:545} INFO - Filling up the DagBag from /opt/airflow/dags/upload_to_s3_dag.py
[2025-09-03T16:57:36.264+0000] {processor.py:840} INFO - DAG(s) 'upload_to_s3_dag' retrieved from /opt/airflow/dags/upload_to_s3_dag.py
[2025-09-03T16:57:36.300+0000] {logging_mixin.py:188} INFO - [2025-09-03T16:57:36.299+0000] {dag.py:3096} INFO - Sync 1 DAGs
[2025-09-03T16:57:36.319+0000] {logging_mixin.py:188} INFO - [2025-09-03T16:57:36.318+0000] {dag.py:3954} INFO - Setting next_dagrun for upload_to_s3_dag to None, run_after=None
[2025-09-03T16:57:36.348+0000] {processor.py:183} INFO - Processing /opt/airflow/dags/upload_to_s3_dag.py took 0.129 seconds
[2025-09-03T16:58:07.968+0000] {processor.py:161} INFO - Started process (PID=1582) to work on /opt/airflow/dags/upload_to_s3_dag.py
[2025-09-03T16:58:07.970+0000] {processor.py:830} INFO - Processing file /opt/airflow/dags/upload_to_s3_dag.py for tasks to queue
[2025-09-03T16:58:07.975+0000] {logging_mixin.py:188} INFO - [2025-09-03T16:58:07.974+0000] {dagbag.py:545} INFO - Filling up the DagBag from /opt/airflow/dags/upload_to_s3_dag.py
[2025-09-03T16:58:08.006+0000] {processor.py:840} INFO - DAG(s) 'upload_to_s3_dag' retrieved from /opt/airflow/dags/upload_to_s3_dag.py
[2025-09-03T16:58:08.040+0000] {logging_mixin.py:188} INFO - [2025-09-03T16:58:08.040+0000] {dag.py:3096} INFO - Sync 1 DAGs
[2025-09-03T16:58:08.063+0000] {logging_mixin.py:188} INFO - [2025-09-03T16:58:08.063+0000] {dag.py:3954} INFO - Setting next_dagrun for upload_to_s3_dag to None, run_after=None
[2025-09-03T16:58:08.097+0000] {processor.py:183} INFO - Processing /opt/airflow/dags/upload_to_s3_dag.py took 0.145 seconds
[2025-09-03T16:58:39.774+0000] {processor.py:161} INFO - Started process (PID=1602) to work on /opt/airflow/dags/upload_to_s3_dag.py
[2025-09-03T16:58:39.776+0000] {processor.py:830} INFO - Processing file /opt/airflow/dags/upload_to_s3_dag.py for tasks to queue
[2025-09-03T16:58:39.779+0000] {logging_mixin.py:188} INFO - [2025-09-03T16:58:39.778+0000] {dagbag.py:545} INFO - Filling up the DagBag from /opt/airflow/dags/upload_to_s3_dag.py
[2025-09-03T16:58:39.814+0000] {processor.py:840} INFO - DAG(s) 'upload_to_s3_dag' retrieved from /opt/airflow/dags/upload_to_s3_dag.py
[2025-09-03T16:58:39.851+0000] {logging_mixin.py:188} INFO - [2025-09-03T16:58:39.850+0000] {dag.py:3096} INFO - Sync 1 DAGs
[2025-09-03T16:58:39.871+0000] {logging_mixin.py:188} INFO - [2025-09-03T16:58:39.871+0000] {dag.py:3954} INFO - Setting next_dagrun for upload_to_s3_dag to None, run_after=None
[2025-09-03T16:58:39.911+0000] {processor.py:183} INFO - Processing /opt/airflow/dags/upload_to_s3_dag.py took 0.148 seconds
[2025-09-03T16:59:10.622+0000] {processor.py:161} INFO - Started process (PID=1622) to work on /opt/airflow/dags/upload_to_s3_dag.py
[2025-09-03T16:59:10.624+0000] {processor.py:830} INFO - Processing file /opt/airflow/dags/upload_to_s3_dag.py for tasks to queue
[2025-09-03T16:59:10.627+0000] {logging_mixin.py:188} INFO - [2025-09-03T16:59:10.627+0000] {dagbag.py:545} INFO - Filling up the DagBag from /opt/airflow/dags/upload_to_s3_dag.py
[2025-09-03T16:59:10.649+0000] {processor.py:840} INFO - DAG(s) 'upload_to_s3_dag' retrieved from /opt/airflow/dags/upload_to_s3_dag.py
[2025-09-03T16:59:10.681+0000] {logging_mixin.py:188} INFO - [2025-09-03T16:59:10.681+0000] {dag.py:3096} INFO - Sync 1 DAGs
[2025-09-03T16:59:10.701+0000] {logging_mixin.py:188} INFO - [2025-09-03T16:59:10.700+0000] {dag.py:3954} INFO - Setting next_dagrun for upload_to_s3_dag to None, run_after=None
[2025-09-03T16:59:10.738+0000] {processor.py:183} INFO - Processing /opt/airflow/dags/upload_to_s3_dag.py took 0.125 seconds
[2025-09-03T16:59:41.763+0000] {processor.py:161} INFO - Started process (PID=1643) to work on /opt/airflow/dags/upload_to_s3_dag.py
[2025-09-03T16:59:41.765+0000] {processor.py:830} INFO - Processing file /opt/airflow/dags/upload_to_s3_dag.py for tasks to queue
[2025-09-03T16:59:41.769+0000] {logging_mixin.py:188} INFO - [2025-09-03T16:59:41.768+0000] {dagbag.py:545} INFO - Filling up the DagBag from /opt/airflow/dags/upload_to_s3_dag.py
[2025-09-03T16:59:41.880+0000] {processor.py:840} INFO - DAG(s) 'upload_to_s3_dag' retrieved from /opt/airflow/dags/upload_to_s3_dag.py
[2025-09-03T16:59:41.957+0000] {logging_mixin.py:188} INFO - [2025-09-03T16:59:41.957+0000] {dag.py:3096} INFO - Sync 1 DAGs
[2025-09-03T16:59:42.002+0000] {logging_mixin.py:188} INFO - [2025-09-03T16:59:42.001+0000] {dag.py:3954} INFO - Setting next_dagrun for upload_to_s3_dag to None, run_after=None
[2025-09-03T16:59:42.087+0000] {processor.py:183} INFO - Processing /opt/airflow/dags/upload_to_s3_dag.py took 0.340 seconds
[2025-09-03T17:00:12.675+0000] {processor.py:161} INFO - Started process (PID=1681) to work on /opt/airflow/dags/upload_to_s3_dag.py
[2025-09-03T17:00:12.722+0000] {processor.py:830} INFO - Processing file /opt/airflow/dags/upload_to_s3_dag.py for tasks to queue
[2025-09-03T17:00:12.725+0000] {logging_mixin.py:188} INFO - [2025-09-03T17:00:12.724+0000] {dagbag.py:545} INFO - Filling up the DagBag from /opt/airflow/dags/upload_to_s3_dag.py
[2025-09-03T17:00:12.796+0000] {processor.py:840} INFO - DAG(s) 'upload_to_s3_dag' retrieved from /opt/airflow/dags/upload_to_s3_dag.py
[2025-09-03T17:00:12.899+0000] {logging_mixin.py:188} INFO - [2025-09-03T17:00:12.898+0000] {dag.py:3096} INFO - Sync 1 DAGs
[2025-09-03T17:00:12.967+0000] {logging_mixin.py:188} INFO - [2025-09-03T17:00:12.966+0000] {dag.py:3954} INFO - Setting next_dagrun for upload_to_s3_dag to None, run_after=None
[2025-09-03T17:00:13.137+0000] {processor.py:183} INFO - Processing /opt/airflow/dags/upload_to_s3_dag.py took 0.469 seconds
[2025-09-03T17:00:43.890+0000] {processor.py:161} INFO - Started process (PID=1701) to work on /opt/airflow/dags/upload_to_s3_dag.py
[2025-09-03T17:00:43.892+0000] {processor.py:830} INFO - Processing file /opt/airflow/dags/upload_to_s3_dag.py for tasks to queue
[2025-09-03T17:00:43.895+0000] {logging_mixin.py:188} INFO - [2025-09-03T17:00:43.894+0000] {dagbag.py:545} INFO - Filling up the DagBag from /opt/airflow/dags/upload_to_s3_dag.py
[2025-09-03T17:00:43.923+0000] {processor.py:840} INFO - DAG(s) 'upload_to_s3_dag' retrieved from /opt/airflow/dags/upload_to_s3_dag.py
[2025-09-03T17:00:43.966+0000] {logging_mixin.py:188} INFO - [2025-09-03T17:00:43.966+0000] {dag.py:3096} INFO - Sync 1 DAGs
[2025-09-03T17:00:43.987+0000] {logging_mixin.py:188} INFO - [2025-09-03T17:00:43.987+0000] {dag.py:3954} INFO - Setting next_dagrun for upload_to_s3_dag to None, run_after=None
[2025-09-03T17:00:44.027+0000] {processor.py:183} INFO - Processing /opt/airflow/dags/upload_to_s3_dag.py took 0.147 seconds
[2025-09-03T17:01:14.542+0000] {processor.py:161} INFO - Started process (PID=1721) to work on /opt/airflow/dags/upload_to_s3_dag.py
[2025-09-03T17:01:14.544+0000] {processor.py:830} INFO - Processing file /opt/airflow/dags/upload_to_s3_dag.py for tasks to queue
[2025-09-03T17:01:14.552+0000] {logging_mixin.py:188} INFO - [2025-09-03T17:01:14.550+0000] {dagbag.py:545} INFO - Filling up the DagBag from /opt/airflow/dags/upload_to_s3_dag.py
[2025-09-03T17:01:14.607+0000] {processor.py:840} INFO - DAG(s) 'upload_to_s3_dag' retrieved from /opt/airflow/dags/upload_to_s3_dag.py
[2025-09-03T17:01:14.653+0000] {logging_mixin.py:188} INFO - [2025-09-03T17:01:14.652+0000] {dag.py:3096} INFO - Sync 1 DAGs
[2025-09-03T17:01:14.674+0000] {logging_mixin.py:188} INFO - [2025-09-03T17:01:14.674+0000] {dag.py:3954} INFO - Setting next_dagrun for upload_to_s3_dag to None, run_after=None
[2025-09-03T17:01:14.711+0000] {processor.py:183} INFO - Processing /opt/airflow/dags/upload_to_s3_dag.py took 0.186 seconds
[2025-09-03T17:01:46.132+0000] {processor.py:161} INFO - Started process (PID=1741) to work on /opt/airflow/dags/upload_to_s3_dag.py
[2025-09-03T17:01:46.140+0000] {processor.py:830} INFO - Processing file /opt/airflow/dags/upload_to_s3_dag.py for tasks to queue
[2025-09-03T17:01:46.143+0000] {logging_mixin.py:188} INFO - [2025-09-03T17:01:46.142+0000] {dagbag.py:545} INFO - Filling up the DagBag from /opt/airflow/dags/upload_to_s3_dag.py
[2025-09-03T17:01:46.193+0000] {processor.py:840} INFO - DAG(s) 'upload_to_s3_dag' retrieved from /opt/airflow/dags/upload_to_s3_dag.py
[2025-09-03T17:01:46.264+0000] {logging_mixin.py:188} INFO - [2025-09-03T17:01:46.264+0000] {dag.py:3096} INFO - Sync 1 DAGs
[2025-09-03T17:01:46.301+0000] {logging_mixin.py:188} INFO - [2025-09-03T17:01:46.301+0000] {dag.py:3954} INFO - Setting next_dagrun for upload_to_s3_dag to None, run_after=None
[2025-09-03T17:01:46.346+0000] {processor.py:183} INFO - Processing /opt/airflow/dags/upload_to_s3_dag.py took 0.236 seconds
[2025-09-03T17:02:18.131+0000] {processor.py:161} INFO - Started process (PID=1761) to work on /opt/airflow/dags/upload_to_s3_dag.py
[2025-09-03T17:02:18.134+0000] {processor.py:830} INFO - Processing file /opt/airflow/dags/upload_to_s3_dag.py for tasks to queue
[2025-09-03T17:02:18.140+0000] {logging_mixin.py:188} INFO - [2025-09-03T17:02:18.139+0000] {dagbag.py:545} INFO - Filling up the DagBag from /opt/airflow/dags/upload_to_s3_dag.py
[2025-09-03T17:02:18.509+0000] {processor.py:840} INFO - DAG(s) 'upload_to_s3_dag' retrieved from /opt/airflow/dags/upload_to_s3_dag.py
[2025-09-03T17:02:18.988+0000] {logging_mixin.py:188} INFO - [2025-09-03T17:02:18.987+0000] {dag.py:3096} INFO - Sync 1 DAGs
[2025-09-03T17:02:19.117+0000] {logging_mixin.py:188} INFO - [2025-09-03T17:02:19.104+0000] {dag.py:3954} INFO - Setting next_dagrun for upload_to_s3_dag to None, run_after=None
[2025-09-03T17:02:19.341+0000] {processor.py:183} INFO - Processing /opt/airflow/dags/upload_to_s3_dag.py took 1.281 seconds
[2025-09-03T17:02:54.898+0000] {processor.py:161} INFO - Started process (PID=1781) to work on /opt/airflow/dags/upload_to_s3_dag.py
[2025-09-03T17:02:54.936+0000] {processor.py:830} INFO - Processing file /opt/airflow/dags/upload_to_s3_dag.py for tasks to queue
[2025-09-03T17:02:54.949+0000] {logging_mixin.py:188} INFO - [2025-09-03T17:02:54.948+0000] {dagbag.py:545} INFO - Filling up the DagBag from /opt/airflow/dags/upload_to_s3_dag.py
[2025-09-03T17:02:55.119+0000] {processor.py:840} INFO - DAG(s) 'upload_to_s3_dag' retrieved from /opt/airflow/dags/upload_to_s3_dag.py
[2025-09-03T17:02:55.276+0000] {logging_mixin.py:188} INFO - [2025-09-03T17:02:55.275+0000] {dag.py:3096} INFO - Sync 1 DAGs
[2025-09-03T17:02:55.404+0000] {logging_mixin.py:188} INFO - [2025-09-03T17:02:55.403+0000] {dag.py:3954} INFO - Setting next_dagrun for upload_to_s3_dag to None, run_after=None
[2025-09-03T17:02:55.603+0000] {processor.py:183} INFO - Processing /opt/airflow/dags/upload_to_s3_dag.py took 0.772 seconds
[2025-09-03T17:03:26.029+0000] {processor.py:161} INFO - Started process (PID=1801) to work on /opt/airflow/dags/upload_to_s3_dag.py
[2025-09-03T17:03:26.033+0000] {processor.py:830} INFO - Processing file /opt/airflow/dags/upload_to_s3_dag.py for tasks to queue
[2025-09-03T17:03:26.042+0000] {logging_mixin.py:188} INFO - [2025-09-03T17:03:26.042+0000] {dagbag.py:545} INFO - Filling up the DagBag from /opt/airflow/dags/upload_to_s3_dag.py
[2025-09-03T17:03:26.278+0000] {processor.py:840} INFO - DAG(s) 'upload_to_s3_dag' retrieved from /opt/airflow/dags/upload_to_s3_dag.py
[2025-09-03T17:03:26.357+0000] {logging_mixin.py:188} INFO - [2025-09-03T17:03:26.356+0000] {dag.py:3096} INFO - Sync 1 DAGs
[2025-09-03T17:03:26.418+0000] {logging_mixin.py:188} INFO - [2025-09-03T17:03:26.417+0000] {dag.py:3954} INFO - Setting next_dagrun for upload_to_s3_dag to None, run_after=None
[2025-09-03T17:03:26.519+0000] {processor.py:183} INFO - Processing /opt/airflow/dags/upload_to_s3_dag.py took 0.505 seconds
[2025-09-03T17:03:57.970+0000] {processor.py:161} INFO - Started process (PID=1821) to work on /opt/airflow/dags/upload_to_s3_dag.py
[2025-09-03T17:03:57.986+0000] {processor.py:830} INFO - Processing file /opt/airflow/dags/upload_to_s3_dag.py for tasks to queue
[2025-09-03T17:03:57.991+0000] {logging_mixin.py:188} INFO - [2025-09-03T17:03:57.990+0000] {dagbag.py:545} INFO - Filling up the DagBag from /opt/airflow/dags/upload_to_s3_dag.py
[2025-09-03T17:03:58.052+0000] {processor.py:840} INFO - DAG(s) 'upload_to_s3_dag' retrieved from /opt/airflow/dags/upload_to_s3_dag.py
[2025-09-03T17:03:58.136+0000] {logging_mixin.py:188} INFO - [2025-09-03T17:03:58.136+0000] {dag.py:3096} INFO - Sync 1 DAGs
[2025-09-03T17:03:58.203+0000] {logging_mixin.py:188} INFO - [2025-09-03T17:03:58.196+0000] {dag.py:3954} INFO - Setting next_dagrun for upload_to_s3_dag to None, run_after=None
[2025-09-03T17:03:58.282+0000] {processor.py:183} INFO - Processing /opt/airflow/dags/upload_to_s3_dag.py took 0.328 seconds
[2025-09-03T17:04:29.558+0000] {processor.py:161} INFO - Started process (PID=1841) to work on /opt/airflow/dags/upload_to_s3_dag.py
[2025-09-03T17:04:29.571+0000] {processor.py:830} INFO - Processing file /opt/airflow/dags/upload_to_s3_dag.py for tasks to queue
[2025-09-03T17:04:29.587+0000] {logging_mixin.py:188} INFO - [2025-09-03T17:04:29.579+0000] {dagbag.py:545} INFO - Filling up the DagBag from /opt/airflow/dags/upload_to_s3_dag.py
[2025-09-03T17:04:29.902+0000] {processor.py:840} INFO - DAG(s) 'upload_to_s3_dag' retrieved from /opt/airflow/dags/upload_to_s3_dag.py
[2025-09-03T17:04:30.038+0000] {logging_mixin.py:188} INFO - [2025-09-03T17:04:30.037+0000] {dag.py:3096} INFO - Sync 1 DAGs
[2025-09-03T17:04:30.144+0000] {logging_mixin.py:188} INFO - [2025-09-03T17:04:30.144+0000] {dag.py:3954} INFO - Setting next_dagrun for upload_to_s3_dag to None, run_after=None
[2025-09-03T17:04:30.488+0000] {processor.py:183} INFO - Processing /opt/airflow/dags/upload_to_s3_dag.py took 0.955 seconds
[2025-09-03T17:05:01.600+0000] {processor.py:161} INFO - Started process (PID=1861) to work on /opt/airflow/dags/upload_to_s3_dag.py
[2025-09-03T17:05:01.634+0000] {processor.py:830} INFO - Processing file /opt/airflow/dags/upload_to_s3_dag.py for tasks to queue
[2025-09-03T17:05:01.644+0000] {logging_mixin.py:188} INFO - [2025-09-03T17:05:01.643+0000] {dagbag.py:545} INFO - Filling up the DagBag from /opt/airflow/dags/upload_to_s3_dag.py
[2025-09-03T17:05:01.793+0000] {processor.py:840} INFO - DAG(s) 'upload_to_s3_dag' retrieved from /opt/airflow/dags/upload_to_s3_dag.py
[2025-09-03T17:05:01.906+0000] {logging_mixin.py:188} INFO - [2025-09-03T17:05:01.905+0000] {dag.py:3096} INFO - Sync 1 DAGs
[2025-09-03T17:05:01.975+0000] {logging_mixin.py:188} INFO - [2025-09-03T17:05:01.975+0000] {dag.py:3954} INFO - Setting next_dagrun for upload_to_s3_dag to None, run_after=None
[2025-09-03T17:05:02.068+0000] {processor.py:183} INFO - Processing /opt/airflow/dags/upload_to_s3_dag.py took 0.492 seconds
[2025-09-03T17:05:32.736+0000] {processor.py:161} INFO - Started process (PID=1881) to work on /opt/airflow/dags/upload_to_s3_dag.py
[2025-09-03T17:05:32.739+0000] {processor.py:830} INFO - Processing file /opt/airflow/dags/upload_to_s3_dag.py for tasks to queue
[2025-09-03T17:05:32.750+0000] {logging_mixin.py:188} INFO - [2025-09-03T17:05:32.749+0000] {dagbag.py:545} INFO - Filling up the DagBag from /opt/airflow/dags/upload_to_s3_dag.py
[2025-09-03T17:05:32.796+0000] {processor.py:840} INFO - DAG(s) 'upload_to_s3_dag' retrieved from /opt/airflow/dags/upload_to_s3_dag.py
[2025-09-03T17:05:32.878+0000] {logging_mixin.py:188} INFO - [2025-09-03T17:05:32.877+0000] {dag.py:3096} INFO - Sync 1 DAGs
[2025-09-03T17:05:32.919+0000] {logging_mixin.py:188} INFO - [2025-09-03T17:05:32.918+0000] {dag.py:3954} INFO - Setting next_dagrun for upload_to_s3_dag to None, run_after=None
[2025-09-03T17:05:32.967+0000] {processor.py:183} INFO - Processing /opt/airflow/dags/upload_to_s3_dag.py took 0.245 seconds
[2025-09-03T17:06:03.373+0000] {processor.py:161} INFO - Started process (PID=1901) to work on /opt/airflow/dags/upload_to_s3_dag.py
[2025-09-03T17:06:03.382+0000] {processor.py:830} INFO - Processing file /opt/airflow/dags/upload_to_s3_dag.py for tasks to queue
[2025-09-03T17:06:03.390+0000] {logging_mixin.py:188} INFO - [2025-09-03T17:06:03.389+0000] {dagbag.py:545} INFO - Filling up the DagBag from /opt/airflow/dags/upload_to_s3_dag.py
[2025-09-03T17:06:03.496+0000] {processor.py:840} INFO - DAG(s) 'upload_to_s3_dag' retrieved from /opt/airflow/dags/upload_to_s3_dag.py
[2025-09-03T17:06:03.617+0000] {logging_mixin.py:188} INFO - [2025-09-03T17:06:03.616+0000] {dag.py:3096} INFO - Sync 1 DAGs
[2025-09-03T17:06:03.712+0000] {logging_mixin.py:188} INFO - [2025-09-03T17:06:03.711+0000] {dag.py:3954} INFO - Setting next_dagrun for upload_to_s3_dag to None, run_after=None
[2025-09-03T17:06:04.116+0000] {processor.py:183} INFO - Processing /opt/airflow/dags/upload_to_s3_dag.py took 0.761 seconds
[2025-09-03T17:06:35.885+0000] {processor.py:161} INFO - Started process (PID=1921) to work on /opt/airflow/dags/upload_to_s3_dag.py
[2025-09-03T17:06:35.899+0000] {processor.py:830} INFO - Processing file /opt/airflow/dags/upload_to_s3_dag.py for tasks to queue
[2025-09-03T17:06:35.905+0000] {logging_mixin.py:188} INFO - [2025-09-03T17:06:35.904+0000] {dagbag.py:545} INFO - Filling up the DagBag from /opt/airflow/dags/upload_to_s3_dag.py
[2025-09-03T17:06:35.976+0000] {processor.py:840} INFO - DAG(s) 'upload_to_s3_dag' retrieved from /opt/airflow/dags/upload_to_s3_dag.py
[2025-09-03T17:06:36.169+0000] {logging_mixin.py:188} INFO - [2025-09-03T17:06:36.168+0000] {dag.py:3096} INFO - Sync 1 DAGs
[2025-09-03T17:06:36.255+0000] {logging_mixin.py:188} INFO - [2025-09-03T17:06:36.254+0000] {dag.py:3954} INFO - Setting next_dagrun for upload_to_s3_dag to None, run_after=None
[2025-09-03T17:06:36.339+0000] {processor.py:183} INFO - Processing /opt/airflow/dags/upload_to_s3_dag.py took 0.491 seconds
[2025-09-03T17:07:07.716+0000] {processor.py:161} INFO - Started process (PID=1941) to work on /opt/airflow/dags/upload_to_s3_dag.py
[2025-09-03T17:07:07.722+0000] {processor.py:830} INFO - Processing file /opt/airflow/dags/upload_to_s3_dag.py for tasks to queue
[2025-09-03T17:07:07.728+0000] {logging_mixin.py:188} INFO - [2025-09-03T17:07:07.727+0000] {dagbag.py:545} INFO - Filling up the DagBag from /opt/airflow/dags/upload_to_s3_dag.py
[2025-09-03T17:07:07.834+0000] {processor.py:840} INFO - DAG(s) 'upload_to_s3_dag' retrieved from /opt/airflow/dags/upload_to_s3_dag.py
[2025-09-03T17:07:07.940+0000] {logging_mixin.py:188} INFO - [2025-09-03T17:07:07.939+0000] {dag.py:3096} INFO - Sync 1 DAGs
[2025-09-03T17:07:08.017+0000] {logging_mixin.py:188} INFO - [2025-09-03T17:07:08.015+0000] {dag.py:3954} INFO - Setting next_dagrun for upload_to_s3_dag to None, run_after=None
[2025-09-03T17:07:08.158+0000] {processor.py:183} INFO - Processing /opt/airflow/dags/upload_to_s3_dag.py took 0.460 seconds
[2025-09-03T17:07:38.740+0000] {processor.py:161} INFO - Started process (PID=1961) to work on /opt/airflow/dags/upload_to_s3_dag.py
[2025-09-03T17:07:38.755+0000] {processor.py:830} INFO - Processing file /opt/airflow/dags/upload_to_s3_dag.py for tasks to queue
[2025-09-03T17:07:38.774+0000] {logging_mixin.py:188} INFO - [2025-09-03T17:07:38.773+0000] {dagbag.py:545} INFO - Filling up the DagBag from /opt/airflow/dags/upload_to_s3_dag.py
[2025-09-03T17:07:38.960+0000] {processor.py:840} INFO - DAG(s) 'upload_to_s3_dag' retrieved from /opt/airflow/dags/upload_to_s3_dag.py
[2025-09-03T17:07:39.116+0000] {logging_mixin.py:188} INFO - [2025-09-03T17:07:39.116+0000] {dag.py:3096} INFO - Sync 1 DAGs
[2025-09-03T17:07:39.254+0000] {logging_mixin.py:188} INFO - [2025-09-03T17:07:39.254+0000] {dag.py:3954} INFO - Setting next_dagrun for upload_to_s3_dag to None, run_after=None
[2025-09-03T17:07:39.736+0000] {processor.py:183} INFO - Processing /opt/airflow/dags/upload_to_s3_dag.py took 1.034 seconds
[2025-09-03T17:08:11.017+0000] {processor.py:161} INFO - Started process (PID=1981) to work on /opt/airflow/dags/upload_to_s3_dag.py
[2025-09-03T17:08:11.034+0000] {processor.py:830} INFO - Processing file /opt/airflow/dags/upload_to_s3_dag.py for tasks to queue
[2025-09-03T17:08:11.044+0000] {logging_mixin.py:188} INFO - [2025-09-03T17:08:11.043+0000] {dagbag.py:545} INFO - Filling up the DagBag from /opt/airflow/dags/upload_to_s3_dag.py
[2025-09-03T17:08:11.139+0000] {processor.py:840} INFO - DAG(s) 'upload_to_s3_dag' retrieved from /opt/airflow/dags/upload_to_s3_dag.py
[2025-09-03T17:08:11.221+0000] {logging_mixin.py:188} INFO - [2025-09-03T17:08:11.220+0000] {dag.py:3096} INFO - Sync 1 DAGs
[2025-09-03T17:08:11.280+0000] {logging_mixin.py:188} INFO - [2025-09-03T17:08:11.279+0000] {dag.py:3954} INFO - Setting next_dagrun for upload_to_s3_dag to None, run_after=None
[2025-09-03T17:08:11.354+0000] {processor.py:183} INFO - Processing /opt/airflow/dags/upload_to_s3_dag.py took 0.360 seconds
[2025-09-03T17:08:42.229+0000] {processor.py:161} INFO - Started process (PID=2001) to work on /opt/airflow/dags/upload_to_s3_dag.py
[2025-09-03T17:08:42.234+0000] {processor.py:830} INFO - Processing file /opt/airflow/dags/upload_to_s3_dag.py for tasks to queue
[2025-09-03T17:08:42.243+0000] {logging_mixin.py:188} INFO - [2025-09-03T17:08:42.242+0000] {dagbag.py:545} INFO - Filling up the DagBag from /opt/airflow/dags/upload_to_s3_dag.py
[2025-09-03T17:08:42.324+0000] {processor.py:840} INFO - DAG(s) 'upload_to_s3_dag' retrieved from /opt/airflow/dags/upload_to_s3_dag.py
[2025-09-03T17:08:42.643+0000] {logging_mixin.py:188} INFO - [2025-09-03T17:08:42.643+0000] {dag.py:3096} INFO - Sync 1 DAGs
[2025-09-03T17:08:42.706+0000] {logging_mixin.py:188} INFO - [2025-09-03T17:08:42.705+0000] {dag.py:3954} INFO - Setting next_dagrun for upload_to_s3_dag to None, run_after=None
[2025-09-03T17:08:42.795+0000] {processor.py:183} INFO - Processing /opt/airflow/dags/upload_to_s3_dag.py took 0.590 seconds
[2025-09-03T17:09:13.574+0000] {processor.py:161} INFO - Started process (PID=2021) to work on /opt/airflow/dags/upload_to_s3_dag.py
[2025-09-03T17:09:13.577+0000] {processor.py:830} INFO - Processing file /opt/airflow/dags/upload_to_s3_dag.py for tasks to queue
[2025-09-03T17:09:13.581+0000] {logging_mixin.py:188} INFO - [2025-09-03T17:09:13.580+0000] {dagbag.py:545} INFO - Filling up the DagBag from /opt/airflow/dags/upload_to_s3_dag.py
[2025-09-03T17:09:13.635+0000] {processor.py:840} INFO - DAG(s) 'upload_to_s3_dag' retrieved from /opt/airflow/dags/upload_to_s3_dag.py
[2025-09-03T17:09:13.685+0000] {logging_mixin.py:188} INFO - [2025-09-03T17:09:13.684+0000] {dag.py:3096} INFO - Sync 1 DAGs
[2025-09-03T17:09:13.714+0000] {logging_mixin.py:188} INFO - [2025-09-03T17:09:13.713+0000] {dag.py:3954} INFO - Setting next_dagrun for upload_to_s3_dag to None, run_after=None
[2025-09-03T17:09:13.764+0000] {processor.py:183} INFO - Processing /opt/airflow/dags/upload_to_s3_dag.py took 0.208 seconds
[2025-09-03T17:09:45.174+0000] {processor.py:161} INFO - Started process (PID=2041) to work on /opt/airflow/dags/upload_to_s3_dag.py
[2025-09-03T17:09:45.183+0000] {processor.py:830} INFO - Processing file /opt/airflow/dags/upload_to_s3_dag.py for tasks to queue
[2025-09-03T17:09:45.193+0000] {logging_mixin.py:188} INFO - [2025-09-03T17:09:45.192+0000] {dagbag.py:545} INFO - Filling up the DagBag from /opt/airflow/dags/upload_to_s3_dag.py
[2025-09-03T17:09:45.571+0000] {processor.py:840} INFO - DAG(s) 'upload_to_s3_dag' retrieved from /opt/airflow/dags/upload_to_s3_dag.py
[2025-09-03T17:09:45.833+0000] {logging_mixin.py:188} INFO - [2025-09-03T17:09:45.833+0000] {dag.py:3096} INFO - Sync 1 DAGs
[2025-09-03T17:09:45.930+0000] {logging_mixin.py:188} INFO - [2025-09-03T17:09:45.929+0000] {dag.py:3954} INFO - Setting next_dagrun for upload_to_s3_dag to None, run_after=None
[2025-09-03T17:09:46.193+0000] {processor.py:183} INFO - Processing /opt/airflow/dags/upload_to_s3_dag.py took 1.039 seconds
[2025-09-03T17:10:28.811+0000] {processor.py:161} INFO - Started process (PID=2061) to work on /opt/airflow/dags/upload_to_s3_dag.py
[2025-09-03T17:10:28.817+0000] {processor.py:830} INFO - Processing file /opt/airflow/dags/upload_to_s3_dag.py for tasks to queue
[2025-09-03T17:10:28.822+0000] {logging_mixin.py:188} INFO - [2025-09-03T17:10:28.821+0000] {dagbag.py:545} INFO - Filling up the DagBag from /opt/airflow/dags/upload_to_s3_dag.py
[2025-09-03T17:10:28.989+0000] {processor.py:840} INFO - DAG(s) 'upload_to_s3_dag' retrieved from /opt/airflow/dags/upload_to_s3_dag.py
[2025-09-03T17:10:29.110+0000] {logging_mixin.py:188} INFO - [2025-09-03T17:10:29.109+0000] {dag.py:3096} INFO - Sync 1 DAGs
[2025-09-03T17:10:29.158+0000] {logging_mixin.py:188} INFO - [2025-09-03T17:10:29.157+0000] {dag.py:3954} INFO - Setting next_dagrun for upload_to_s3_dag to None, run_after=None
[2025-09-03T17:10:29.272+0000] {processor.py:183} INFO - Processing /opt/airflow/dags/upload_to_s3_dag.py took 0.500 seconds
[2025-09-03T17:11:00.610+0000] {processor.py:161} INFO - Started process (PID=2074) to work on /opt/airflow/dags/upload_to_s3_dag.py
[2025-09-03T17:11:00.667+0000] {processor.py:830} INFO - Processing file /opt/airflow/dags/upload_to_s3_dag.py for tasks to queue
[2025-09-03T17:11:00.804+0000] {logging_mixin.py:188} INFO - [2025-09-03T17:11:00.803+0000] {dagbag.py:545} INFO - Filling up the DagBag from /opt/airflow/dags/upload_to_s3_dag.py
[2025-09-03T17:11:01.136+0000] {processor.py:840} INFO - DAG(s) 'upload_to_s3_dag' retrieved from /opt/airflow/dags/upload_to_s3_dag.py
[2025-09-03T17:11:01.345+0000] {logging_mixin.py:188} INFO - [2025-09-03T17:11:01.344+0000] {dag.py:3096} INFO - Sync 1 DAGs
[2025-09-03T17:11:01.403+0000] {logging_mixin.py:188} INFO - [2025-09-03T17:11:01.403+0000] {dag.py:3954} INFO - Setting next_dagrun for upload_to_s3_dag to None, run_after=None
[2025-09-03T17:11:01.583+0000] {processor.py:183} INFO - Processing /opt/airflow/dags/upload_to_s3_dag.py took 1.097 seconds
[2025-09-03T17:11:31.750+0000] {processor.py:161} INFO - Started process (PID=2118) to work on /opt/airflow/dags/upload_to_s3_dag.py
[2025-09-03T17:11:31.751+0000] {processor.py:830} INFO - Processing file /opt/airflow/dags/upload_to_s3_dag.py for tasks to queue
[2025-09-03T17:11:31.755+0000] {logging_mixin.py:188} INFO - [2025-09-03T17:11:31.754+0000] {dagbag.py:545} INFO - Filling up the DagBag from /opt/airflow/dags/upload_to_s3_dag.py
[2025-09-03T17:11:31.782+0000] {processor.py:840} INFO - DAG(s) 'upload_to_s3_dag' retrieved from /opt/airflow/dags/upload_to_s3_dag.py
[2025-09-03T17:11:31.813+0000] {logging_mixin.py:188} INFO - [2025-09-03T17:11:31.813+0000] {dag.py:3096} INFO - Sync 1 DAGs
[2025-09-03T17:11:31.837+0000] {logging_mixin.py:188} INFO - [2025-09-03T17:11:31.837+0000] {dag.py:3954} INFO - Setting next_dagrun for upload_to_s3_dag to None, run_after=None
[2025-09-03T17:11:31.877+0000] {processor.py:183} INFO - Processing /opt/airflow/dags/upload_to_s3_dag.py took 0.136 seconds
[2025-09-03T17:12:02.900+0000] {processor.py:161} INFO - Started process (PID=2138) to work on /opt/airflow/dags/upload_to_s3_dag.py
[2025-09-03T17:12:02.902+0000] {processor.py:830} INFO - Processing file /opt/airflow/dags/upload_to_s3_dag.py for tasks to queue
[2025-09-03T17:12:02.907+0000] {logging_mixin.py:188} INFO - [2025-09-03T17:12:02.906+0000] {dagbag.py:545} INFO - Filling up the DagBag from /opt/airflow/dags/upload_to_s3_dag.py
[2025-09-03T17:12:02.943+0000] {processor.py:840} INFO - DAG(s) 'upload_to_s3_dag' retrieved from /opt/airflow/dags/upload_to_s3_dag.py
[2025-09-03T17:12:02.997+0000] {logging_mixin.py:188} INFO - [2025-09-03T17:12:02.996+0000] {dag.py:3096} INFO - Sync 1 DAGs
[2025-09-03T17:12:03.018+0000] {logging_mixin.py:188} INFO - [2025-09-03T17:12:03.017+0000] {dag.py:3954} INFO - Setting next_dagrun for upload_to_s3_dag to None, run_after=None
[2025-09-03T17:12:03.054+0000] {processor.py:183} INFO - Processing /opt/airflow/dags/upload_to_s3_dag.py took 0.165 seconds
[2025-09-03T17:12:33.638+0000] {processor.py:161} INFO - Started process (PID=2158) to work on /opt/airflow/dags/upload_to_s3_dag.py
[2025-09-03T17:12:33.640+0000] {processor.py:830} INFO - Processing file /opt/airflow/dags/upload_to_s3_dag.py for tasks to queue
[2025-09-03T17:12:33.643+0000] {logging_mixin.py:188} INFO - [2025-09-03T17:12:33.642+0000] {dagbag.py:545} INFO - Filling up the DagBag from /opt/airflow/dags/upload_to_s3_dag.py
[2025-09-03T17:12:33.675+0000] {processor.py:840} INFO - DAG(s) 'upload_to_s3_dag' retrieved from /opt/airflow/dags/upload_to_s3_dag.py
[2025-09-03T17:12:33.712+0000] {logging_mixin.py:188} INFO - [2025-09-03T17:12:33.712+0000] {dag.py:3096} INFO - Sync 1 DAGs
[2025-09-03T17:12:33.736+0000] {logging_mixin.py:188} INFO - [2025-09-03T17:12:33.735+0000] {dag.py:3954} INFO - Setting next_dagrun for upload_to_s3_dag to None, run_after=None
[2025-09-03T17:12:33.775+0000] {processor.py:183} INFO - Processing /opt/airflow/dags/upload_to_s3_dag.py took 0.154 seconds
[2025-09-03T17:13:05.034+0000] {processor.py:161} INFO - Started process (PID=2178) to work on /opt/airflow/dags/upload_to_s3_dag.py
[2025-09-03T17:13:05.036+0000] {processor.py:830} INFO - Processing file /opt/airflow/dags/upload_to_s3_dag.py for tasks to queue
[2025-09-03T17:13:05.039+0000] {logging_mixin.py:188} INFO - [2025-09-03T17:13:05.039+0000] {dagbag.py:545} INFO - Filling up the DagBag from /opt/airflow/dags/upload_to_s3_dag.py
[2025-09-03T17:13:05.080+0000] {processor.py:840} INFO - DAG(s) 'upload_to_s3_dag' retrieved from /opt/airflow/dags/upload_to_s3_dag.py
[2025-09-03T17:13:05.130+0000] {logging_mixin.py:188} INFO - [2025-09-03T17:13:05.130+0000] {dag.py:3096} INFO - Sync 1 DAGs
[2025-09-03T17:13:05.185+0000] {logging_mixin.py:188} INFO - [2025-09-03T17:13:05.184+0000] {dag.py:3954} INFO - Setting next_dagrun for upload_to_s3_dag to None, run_after=None
[2025-09-03T17:13:05.286+0000] {processor.py:183} INFO - Processing /opt/airflow/dags/upload_to_s3_dag.py took 0.267 seconds
[2025-09-03T17:13:37.093+0000] {processor.py:161} INFO - Started process (PID=2198) to work on /opt/airflow/dags/upload_to_s3_dag.py
[2025-09-03T17:13:37.097+0000] {processor.py:830} INFO - Processing file /opt/airflow/dags/upload_to_s3_dag.py for tasks to queue
[2025-09-03T17:13:37.101+0000] {logging_mixin.py:188} INFO - [2025-09-03T17:13:37.100+0000] {dagbag.py:545} INFO - Filling up the DagBag from /opt/airflow/dags/upload_to_s3_dag.py
[2025-09-03T17:13:37.144+0000] {processor.py:840} INFO - DAG(s) 'upload_to_s3_dag' retrieved from /opt/airflow/dags/upload_to_s3_dag.py
[2025-09-03T17:13:37.208+0000] {logging_mixin.py:188} INFO - [2025-09-03T17:13:37.207+0000] {dag.py:3096} INFO - Sync 1 DAGs
[2025-09-03T17:13:37.231+0000] {logging_mixin.py:188} INFO - [2025-09-03T17:13:37.229+0000] {dag.py:3954} INFO - Setting next_dagrun for upload_to_s3_dag to None, run_after=None
[2025-09-03T17:13:37.280+0000] {processor.py:183} INFO - Processing /opt/airflow/dags/upload_to_s3_dag.py took 0.201 seconds
