[2025-08-28T08:25:39.296+0000] {local_task_job_runner.py:120} INFO - ::group::Pre task execution logs
[2025-08-28T08:25:39.802+0000] {taskinstance.py:2076} INFO - Dependencies all met for dep_context=non-requeueable deps ti=<TaskInstance: ecommerce_pipeline.daily_sales manual__2025-08-28T07:21:41.282152+00:00 [queued]>
[2025-08-28T08:25:39.882+0000] {taskinstance.py:2076} INFO - Dependencies all met for dep_context=requeueable deps ti=<TaskInstance: ecommerce_pipeline.daily_sales manual__2025-08-28T07:21:41.282152+00:00 [queued]>
[2025-08-28T08:25:39.901+0000] {taskinstance.py:2306} INFO - Starting attempt 5 of 6
[2025-08-28T08:25:40.319+0000] {taskinstance.py:2330} INFO - Executing <Task(BashOperator): daily_sales> on 2025-08-28 07:21:41.282152+00:00
[2025-08-28T08:25:40.329+0000] {standard_task_runner.py:63} INFO - Started process 936 to run task
[2025-08-28T08:25:40.336+0000] {standard_task_runner.py:90} INFO - Running: ['***', 'tasks', 'run', 'ecommerce_pipeline', 'daily_sales', 'manual__2025-08-28T07:21:41.282152+00:00', '--job-id', '100', '--raw', '--subdir', 'DAGS_FOLDER/ecommerce_pipeline_dag.py', '--cfg-path', '/tmp/tmp5y9a0lbi']
[2025-08-28T08:25:40.341+0000] {standard_task_runner.py:91} INFO - Job 100: Subtask daily_sales
[2025-08-28T08:25:40.494+0000] {logging_mixin.py:188} WARNING - /home/***/.local/lib/python3.10/site-packages/***/settings.py:195 DeprecationWarning: The sql_alchemy_conn option in [core] has been moved to the sql_alchemy_conn option in [database] - the old setting has been used, but please update your config.
[2025-08-28T08:25:40.688+0000] {task_command.py:426} INFO - Running <TaskInstance: ecommerce_pipeline.daily_sales manual__2025-08-28T07:21:41.282152+00:00 [running]> on host 6aba05baf296
[2025-08-28T08:25:41.051+0000] {taskinstance.py:2648} INFO - Exporting env vars: AIRFLOW_CTX_DAG_OWNER='arel' AIRFLOW_CTX_DAG_ID='ecommerce_pipeline' AIRFLOW_CTX_TASK_ID='daily_sales' AIRFLOW_CTX_EXECUTION_DATE='2025-08-28T07:21:41.282152+00:00' AIRFLOW_CTX_TRY_NUMBER='5' AIRFLOW_CTX_DAG_RUN_ID='manual__2025-08-28T07:21:41.282152+00:00'
[2025-08-28T08:25:41.055+0000] {taskinstance.py:430} INFO - ::endgroup::
[2025-08-28T08:25:41.077+0000] {subprocess.py:63} INFO - Tmp dir root location: /tmp
[2025-08-28T08:25:41.080+0000] {subprocess.py:75} INFO - Running command: ['/usr/bin/bash', '-c', 'PGPASSWORD=*** psql -h postgres -U *** -d *** -f /opt/***/sql/daily_sales.sql']
[2025-08-28T08:25:41.110+0000] {subprocess.py:86} INFO - Output:
[2025-08-28T08:25:41.339+0000] {subprocess.py:93} INFO - psql:/opt/***/sql/daily_sales.sql:4: NOTICE:  table "daily_sales" does not exist, skipping
[2025-08-28T08:25:41.340+0000] {subprocess.py:93} INFO - DROP TABLE
[2025-08-28T08:25:41.343+0000] {subprocess.py:93} INFO - psql:/opt/***/sql/daily_sales.sql:16: ERROR:  relation "transactions" does not exist
[2025-08-28T08:25:41.344+0000] {subprocess.py:93} INFO - LINE 7: FROM transactions
[2025-08-28T08:25:41.345+0000] {subprocess.py:93} INFO -              ^
[2025-08-28T08:25:41.350+0000] {subprocess.py:93} INFO - psql:/opt/***/sql/daily_sales.sql:19: ERROR:  relation "daily_sales" does not exist
[2025-08-28T08:25:41.351+0000] {subprocess.py:93} INFO - psql:/opt/***/sql/daily_sales.sql:22: ERROR:  relation "daily_sales" does not exist
[2025-08-28T08:25:41.352+0000] {subprocess.py:93} INFO - LINE 1: SELECT * FROM daily_sales ORDER BY sales_date LIMIT 10;
[2025-08-28T08:25:41.353+0000] {subprocess.py:93} INFO -                       ^
[2025-08-28T08:25:41.354+0000] {subprocess.py:97} INFO - Command exited with return code 0
[2025-08-28T08:25:41.356+0000] {taskinstance.py:441} INFO - ::group::Post task execution logs
[2025-08-28T08:25:41.461+0000] {taskinstance.py:1206} INFO - Marking task as SUCCESS. dag_id=ecommerce_pipeline, task_id=daily_sales, run_id=manual__2025-08-28T07:21:41.282152+00:00, execution_date=20250828T072141, start_date=20250828T082539, end_date=20250828T082541
[2025-08-28T08:25:41.586+0000] {local_task_job_runner.py:240} INFO - Task exited with return code 0
[2025-08-28T08:25:41.610+0000] {local_task_job_runner.py:222} INFO - ::endgroup::
