[2025-09-04T03:11:04.711+0000] {local_task_job_runner.py:120} INFO - ::group::Pre task execution logs
[2025-09-04T03:11:04.789+0000] {taskinstance.py:2076} INFO - Dependencies all met for dep_context=non-requeueable deps ti=<TaskInstance: ecommerce_pipeline.load_data scheduled__2025-09-03T00:00:00+00:00 [queued]>
[2025-09-04T03:11:04.820+0000] {taskinstance.py:2076} INFO - Dependencies all met for dep_context=requeueable deps ti=<TaskInstance: ecommerce_pipeline.load_data scheduled__2025-09-03T00:00:00+00:00 [queued]>
[2025-09-04T03:11:04.821+0000] {taskinstance.py:2306} INFO - Starting attempt 1 of 2
[2025-09-04T03:11:04.923+0000] {taskinstance.py:2330} INFO - Executing <Task(PythonOperator): load_data> on 2025-09-03 00:00:00+00:00
[2025-09-04T03:11:04.938+0000] {standard_task_runner.py:63} INFO - Started process 2241 to run task
[2025-09-04T03:11:04.956+0000] {standard_task_runner.py:90} INFO - Running: ['***', 'tasks', 'run', 'ecommerce_pipeline', 'load_data', 'scheduled__2025-09-03T00:00:00+00:00', '--job-id', '185', '--raw', '--subdir', 'DAGS_FOLDER/ecommerce_pipeline_dag.py', '--cfg-path', '/tmp/tmp8azsggev']
[2025-09-04T03:11:04.964+0000] {standard_task_runner.py:91} INFO - Job 185: Subtask load_data
[2025-09-04T03:11:05.019+0000] {logging_mixin.py:188} WARNING - /home/***/.local/lib/python3.10/site-packages/***/settings.py:195 DeprecationWarning: The sql_alchemy_conn option in [core] has been moved to the sql_alchemy_conn option in [database] - the old setting has been used, but please update your config.
[2025-09-04T03:11:05.158+0000] {task_command.py:426} INFO - Running <TaskInstance: ecommerce_pipeline.load_data scheduled__2025-09-03T00:00:00+00:00 [running]> on host 6aba05baf296
[2025-09-04T03:11:05.924+0000] {taskinstance.py:2648} INFO - Exporting env vars: AIRFLOW_CTX_DAG_OWNER='arel' AIRFLOW_CTX_DAG_ID='ecommerce_pipeline' AIRFLOW_CTX_TASK_ID='load_data' AIRFLOW_CTX_EXECUTION_DATE='2025-09-03T00:00:00+00:00' AIRFLOW_CTX_TRY_NUMBER='1' AIRFLOW_CTX_DAG_RUN_ID='scheduled__2025-09-03T00:00:00+00:00'
[2025-09-04T03:11:05.939+0000] {taskinstance.py:430} INFO - ::endgroup::
[2025-09-04T03:13:36.730+0000] {logging_mixin.py:188} INFO - Berhasil load data dari: /opt/***/datasets/online_retail.xlsx
[2025-09-04T03:13:36.731+0000] {logging_mixin.py:188} INFO - ==================================================
[2025-09-04T03:13:36.732+0000] {logging_mixin.py:188} INFO - DEBUG: DATA STRUCTURE
[2025-09-04T03:13:36.733+0000] {logging_mixin.py:188} INFO - ==================================================
[2025-09-04T03:13:36.733+0000] {logging_mixin.py:188} INFO - Columns in DataFrame: ['InvoiceNo', 'StockCode', 'Description', 'Quantity', 'InvoiceDate', 'UnitPrice', 'CustomerID', 'Country']
[2025-09-04T03:13:36.734+0000] {logging_mixin.py:188} INFO - Number of rows: 541909
[2025-09-04T03:13:36.735+0000] {logging_mixin.py:188} INFO - 
First 5 rows:
[2025-09-04T03:13:37.049+0000] {logging_mixin.py:188} INFO -   InvoiceNo StockCode  ... CustomerID         Country
0    536365    85123A  ...    17850.0  United Kingdom
1    536365     71053  ...    17850.0  United Kingdom
2    536365    84406B  ...    17850.0  United Kingdom
3    536365    84029G  ...    17850.0  United Kingdom
4    536365    84029E  ...    17850.0  United Kingdom

[5 rows x 8 columns]
[2025-09-04T03:13:37.050+0000] {logging_mixin.py:188} INFO - 
Data types:
[2025-09-04T03:13:37.052+0000] {logging_mixin.py:188} INFO - InvoiceNo              object
StockCode              object
Description            object
Quantity                int64
InvoiceDate    datetime64[ns]
UnitPrice             float64
CustomerID            float64
Country                object
dtype: object
[2025-09-04T03:13:37.053+0000] {logging_mixin.py:188} INFO - ==================================================
[2025-09-04T03:13:43.081+0000] {logging_mixin.py:188} INFO - Data berhasil disimpan ke: /tmp/orders.csv
[2025-09-04T03:20:40.651+0000] {logging_mixin.py:188} INFO - [Postgres] Data berhasil dimasukkan ke tabel 'orders' ✅
[2025-09-04T03:20:42.730+0000] {logging_mixin.py:188} INFO - [MinIO] File 'orders.csv' berhasil di-upload
[2025-09-04T03:20:42.732+0000] {logging_mixin.py:188} INFO - ETL process completed successfully!
[2025-09-04T03:20:42.777+0000] {python.py:237} INFO - Done. Returned value was: None
[2025-09-04T03:20:42.778+0000] {taskinstance.py:441} INFO - ::group::Post task execution logs
[2025-09-04T03:20:42.797+0000] {taskinstance.py:1206} INFO - Marking task as SUCCESS. dag_id=ecommerce_pipeline, task_id=load_data, run_id=scheduled__2025-09-03T00:00:00+00:00, execution_date=20250903T000000, start_date=20250904T031104, end_date=20250904T032042
[2025-09-04T03:20:42.919+0000] {local_task_job_runner.py:240} INFO - Task exited with return code 0
[2025-09-04T03:20:42.982+0000] {taskinstance.py:3503} INFO - 3 downstream tasks scheduled from follow-on schedule check
[2025-09-04T03:20:43.009+0000] {local_task_job_runner.py:222} INFO - ::endgroup::
