[2025-09-01T14:18:59.999+0000] {processor.py:161} INFO - Started process (PID=159) to work on /opt/airflow/dags/ecommerce_pipeline_dag.py
[2025-09-01T14:19:00.066+0000] {processor.py:830} INFO - Processing file /opt/airflow/dags/ecommerce_pipeline_dag.py for tasks to queue
[2025-09-01T14:19:00.136+0000] {logging_mixin.py:188} INFO - [2025-09-01T14:19:00.135+0000] {dagbag.py:545} INFO - Filling up the DagBag from /opt/airflow/dags/ecommerce_pipeline_dag.py
[2025-09-01T14:19:01.190+0000] {processor.py:840} INFO - DAG(s) 'ecommerce_pipeline' retrieved from /opt/airflow/dags/ecommerce_pipeline_dag.py
[2025-09-01T14:19:01.947+0000] {logging_mixin.py:188} INFO - [2025-09-01T14:19:01.946+0000] {dag.py:3096} INFO - Sync 1 DAGs
[2025-09-01T14:19:02.252+0000] {logging_mixin.py:188} INFO - [2025-09-01T14:19:02.252+0000] {dag.py:3954} INFO - Setting next_dagrun for ecommerce_pipeline to 2025-09-01 00:00:00+00:00, run_after=2025-09-02 00:00:00+00:00
[2025-09-01T14:19:02.481+0000] {processor.py:183} INFO - Processing /opt/airflow/dags/ecommerce_pipeline_dag.py took 2.512 seconds
[2025-09-01T14:19:33.150+0000] {processor.py:161} INFO - Started process (PID=176) to work on /opt/airflow/dags/ecommerce_pipeline_dag.py
[2025-09-01T14:19:33.203+0000] {processor.py:830} INFO - Processing file /opt/airflow/dags/ecommerce_pipeline_dag.py for tasks to queue
[2025-09-01T14:19:33.208+0000] {logging_mixin.py:188} INFO - [2025-09-01T14:19:33.207+0000] {dagbag.py:545} INFO - Filling up the DagBag from /opt/airflow/dags/ecommerce_pipeline_dag.py
[2025-09-01T14:19:34.246+0000] {processor.py:840} INFO - DAG(s) 'ecommerce_pipeline' retrieved from /opt/airflow/dags/ecommerce_pipeline_dag.py
[2025-09-01T14:19:34.379+0000] {logging_mixin.py:188} INFO - [2025-09-01T14:19:34.379+0000] {dag.py:3096} INFO - Sync 1 DAGs
[2025-09-01T14:19:34.581+0000] {logging_mixin.py:188} INFO - [2025-09-01T14:19:34.581+0000] {dag.py:3954} INFO - Setting next_dagrun for ecommerce_pipeline to 2025-09-01 00:00:00+00:00, run_after=2025-09-02 00:00:00+00:00
[2025-09-01T14:19:34.992+0000] {processor.py:183} INFO - Processing /opt/airflow/dags/ecommerce_pipeline_dag.py took 1.875 seconds
[2025-09-01T14:20:07.038+0000] {processor.py:161} INFO - Started process (PID=186) to work on /opt/airflow/dags/ecommerce_pipeline_dag.py
[2025-09-01T14:20:07.084+0000] {processor.py:830} INFO - Processing file /opt/airflow/dags/ecommerce_pipeline_dag.py for tasks to queue
[2025-09-01T14:20:07.109+0000] {logging_mixin.py:188} INFO - [2025-09-01T14:20:07.109+0000] {dagbag.py:545} INFO - Filling up the DagBag from /opt/airflow/dags/ecommerce_pipeline_dag.py
[2025-09-01T14:20:07.881+0000] {processor.py:840} INFO - DAG(s) 'ecommerce_pipeline' retrieved from /opt/airflow/dags/ecommerce_pipeline_dag.py
[2025-09-01T14:20:08.267+0000] {logging_mixin.py:188} INFO - [2025-09-01T14:20:08.267+0000] {dag.py:3096} INFO - Sync 1 DAGs
[2025-09-01T14:20:08.457+0000] {logging_mixin.py:188} INFO - [2025-09-01T14:20:08.457+0000] {dag.py:3954} INFO - Setting next_dagrun for ecommerce_pipeline to 2025-09-01 00:00:00+00:00, run_after=2025-09-02 00:00:00+00:00
[2025-09-01T14:20:08.671+0000] {processor.py:183} INFO - Processing /opt/airflow/dags/ecommerce_pipeline_dag.py took 1.668 seconds
[2025-09-01T14:20:40.125+0000] {processor.py:161} INFO - Started process (PID=196) to work on /opt/airflow/dags/ecommerce_pipeline_dag.py
[2025-09-01T14:20:40.150+0000] {processor.py:830} INFO - Processing file /opt/airflow/dags/ecommerce_pipeline_dag.py for tasks to queue
[2025-09-01T14:20:40.173+0000] {logging_mixin.py:188} INFO - [2025-09-01T14:20:40.173+0000] {dagbag.py:545} INFO - Filling up the DagBag from /opt/airflow/dags/ecommerce_pipeline_dag.py
[2025-09-01T14:20:41.111+0000] {processor.py:840} INFO - DAG(s) 'ecommerce_pipeline' retrieved from /opt/airflow/dags/ecommerce_pipeline_dag.py
[2025-09-01T14:20:41.313+0000] {logging_mixin.py:188} INFO - [2025-09-01T14:20:41.313+0000] {dag.py:3096} INFO - Sync 1 DAGs
[2025-09-01T14:20:41.477+0000] {logging_mixin.py:188} INFO - [2025-09-01T14:20:41.476+0000] {dag.py:3954} INFO - Setting next_dagrun for ecommerce_pipeline to 2025-09-01 00:00:00+00:00, run_after=2025-09-02 00:00:00+00:00
[2025-09-01T14:20:41.741+0000] {processor.py:183} INFO - Processing /opt/airflow/dags/ecommerce_pipeline_dag.py took 1.637 seconds
[2025-09-01T14:21:32.605+0000] {processor.py:161} INFO - Started process (PID=206) to work on /opt/airflow/dags/ecommerce_pipeline_dag.py
[2025-09-01T14:21:32.647+0000] {processor.py:830} INFO - Processing file /opt/airflow/dags/ecommerce_pipeline_dag.py for tasks to queue
[2025-09-01T14:21:32.713+0000] {logging_mixin.py:188} INFO - [2025-09-01T14:21:32.712+0000] {dagbag.py:545} INFO - Filling up the DagBag from /opt/airflow/dags/ecommerce_pipeline_dag.py
[2025-09-01T14:21:33.234+0000] {processor.py:840} INFO - DAG(s) 'ecommerce_pipeline' retrieved from /opt/airflow/dags/ecommerce_pipeline_dag.py
[2025-09-01T14:21:33.900+0000] {logging_mixin.py:188} INFO - [2025-09-01T14:21:33.900+0000] {dag.py:3096} INFO - Sync 1 DAGs
[2025-09-01T14:21:34.390+0000] {logging_mixin.py:188} INFO - [2025-09-01T14:21:34.361+0000] {dag.py:3954} INFO - Setting next_dagrun for ecommerce_pipeline to 2025-09-01 00:00:00+00:00, run_after=2025-09-02 00:00:00+00:00
[2025-09-01T14:21:34.701+0000] {processor.py:183} INFO - Processing /opt/airflow/dags/ecommerce_pipeline_dag.py took 2.792 seconds
[2025-09-01T14:22:06.443+0000] {processor.py:161} INFO - Started process (PID=216) to work on /opt/airflow/dags/ecommerce_pipeline_dag.py
[2025-09-01T14:22:06.455+0000] {processor.py:830} INFO - Processing file /opt/airflow/dags/ecommerce_pipeline_dag.py for tasks to queue
[2025-09-01T14:22:06.491+0000] {logging_mixin.py:188} INFO - [2025-09-01T14:22:06.491+0000] {dagbag.py:545} INFO - Filling up the DagBag from /opt/airflow/dags/ecommerce_pipeline_dag.py
[2025-09-01T14:22:07.006+0000] {processor.py:840} INFO - DAG(s) 'ecommerce_pipeline' retrieved from /opt/airflow/dags/ecommerce_pipeline_dag.py
[2025-09-01T14:22:07.480+0000] {logging_mixin.py:188} INFO - [2025-09-01T14:22:07.480+0000] {dag.py:3096} INFO - Sync 1 DAGs
[2025-09-01T14:22:07.716+0000] {logging_mixin.py:188} INFO - [2025-09-01T14:22:07.715+0000] {dag.py:3954} INFO - Setting next_dagrun for ecommerce_pipeline to 2025-09-01 00:00:00+00:00, run_after=2025-09-02 00:00:00+00:00
[2025-09-01T14:22:07.936+0000] {processor.py:183} INFO - Processing /opt/airflow/dags/ecommerce_pipeline_dag.py took 1.515 seconds
[2025-09-01T14:22:39.616+0000] {processor.py:161} INFO - Started process (PID=229) to work on /opt/airflow/dags/ecommerce_pipeline_dag.py
[2025-09-01T14:22:40.796+0000] {processor.py:830} INFO - Processing file /opt/airflow/dags/ecommerce_pipeline_dag.py for tasks to queue
[2025-09-01T14:22:40.826+0000] {logging_mixin.py:188} INFO - [2025-09-01T14:22:40.826+0000] {dagbag.py:545} INFO - Filling up the DagBag from /opt/airflow/dags/ecommerce_pipeline_dag.py
[2025-09-01T14:22:46.235+0000] {processor.py:840} INFO - DAG(s) 'ecommerce_pipeline' retrieved from /opt/airflow/dags/ecommerce_pipeline_dag.py
[2025-09-01T14:22:46.960+0000] {logging_mixin.py:188} INFO - [2025-09-01T14:22:46.959+0000] {dag.py:3096} INFO - Sync 1 DAGs
[2025-09-01T14:22:47.183+0000] {logging_mixin.py:188} INFO - [2025-09-01T14:22:47.183+0000] {dag.py:3954} INFO - Setting next_dagrun for ecommerce_pipeline to 2025-09-01 00:00:00+00:00, run_after=2025-09-02 00:00:00+00:00
[2025-09-01T14:22:48.674+0000] {processor.py:183} INFO - Processing /opt/airflow/dags/ecommerce_pipeline_dag.py took 9.869 seconds
[2025-09-01T14:23:20.703+0000] {processor.py:161} INFO - Started process (PID=241) to work on /opt/airflow/dags/ecommerce_pipeline_dag.py
[2025-09-01T14:23:20.725+0000] {processor.py:830} INFO - Processing file /opt/airflow/dags/ecommerce_pipeline_dag.py for tasks to queue
[2025-09-01T14:23:20.738+0000] {logging_mixin.py:188} INFO - [2025-09-01T14:23:20.737+0000] {dagbag.py:545} INFO - Filling up the DagBag from /opt/airflow/dags/ecommerce_pipeline_dag.py
[2025-09-01T14:23:21.041+0000] {processor.py:840} INFO - DAG(s) 'ecommerce_pipeline' retrieved from /opt/airflow/dags/ecommerce_pipeline_dag.py
[2025-09-01T14:23:21.404+0000] {logging_mixin.py:188} INFO - [2025-09-01T14:23:21.404+0000] {dag.py:3096} INFO - Sync 1 DAGs
[2025-09-01T14:23:21.565+0000] {logging_mixin.py:188} INFO - [2025-09-01T14:23:21.565+0000] {dag.py:3954} INFO - Setting next_dagrun for ecommerce_pipeline to 2025-09-01 00:00:00+00:00, run_after=2025-09-02 00:00:00+00:00
[2025-09-01T14:23:21.695+0000] {processor.py:183} INFO - Processing /opt/airflow/dags/ecommerce_pipeline_dag.py took 1.084 seconds
[2025-09-01T14:24:03.600+0000] {processor.py:161} INFO - Started process (PID=249) to work on /opt/airflow/dags/ecommerce_pipeline_dag.py
[2025-09-01T14:24:03.629+0000] {processor.py:830} INFO - Processing file /opt/airflow/dags/ecommerce_pipeline_dag.py for tasks to queue
[2025-09-01T14:24:03.650+0000] {logging_mixin.py:188} INFO - [2025-09-01T14:24:03.649+0000] {dagbag.py:545} INFO - Filling up the DagBag from /opt/airflow/dags/ecommerce_pipeline_dag.py
[2025-09-01T14:24:04.186+0000] {processor.py:840} INFO - DAG(s) 'ecommerce_pipeline' retrieved from /opt/airflow/dags/ecommerce_pipeline_dag.py
[2025-09-01T14:24:04.536+0000] {logging_mixin.py:188} INFO - [2025-09-01T14:24:04.535+0000] {dag.py:3096} INFO - Sync 1 DAGs
[2025-09-01T14:24:04.699+0000] {logging_mixin.py:188} INFO - [2025-09-01T14:24:04.699+0000] {dag.py:3954} INFO - Setting next_dagrun for ecommerce_pipeline to 2025-09-01 00:00:00+00:00, run_after=2025-09-02 00:00:00+00:00
[2025-09-01T14:24:04.826+0000] {processor.py:183} INFO - Processing /opt/airflow/dags/ecommerce_pipeline_dag.py took 1.818 seconds
[2025-09-01T14:24:36.335+0000] {processor.py:161} INFO - Started process (PID=261) to work on /opt/airflow/dags/ecommerce_pipeline_dag.py
[2025-09-01T14:24:36.361+0000] {processor.py:830} INFO - Processing file /opt/airflow/dags/ecommerce_pipeline_dag.py for tasks to queue
[2025-09-01T14:24:36.365+0000] {logging_mixin.py:188} INFO - [2025-09-01T14:24:36.364+0000] {dagbag.py:545} INFO - Filling up the DagBag from /opt/airflow/dags/ecommerce_pipeline_dag.py
[2025-09-01T14:24:36.869+0000] {processor.py:840} INFO - DAG(s) 'ecommerce_pipeline' retrieved from /opt/airflow/dags/ecommerce_pipeline_dag.py
[2025-09-01T14:24:37.078+0000] {logging_mixin.py:188} INFO - [2025-09-01T14:24:37.077+0000] {dag.py:3096} INFO - Sync 1 DAGs
[2025-09-01T14:24:37.198+0000] {logging_mixin.py:188} INFO - [2025-09-01T14:24:37.197+0000] {dag.py:3954} INFO - Setting next_dagrun for ecommerce_pipeline to 2025-09-01 00:00:00+00:00, run_after=2025-09-02 00:00:00+00:00
[2025-09-01T14:24:37.439+0000] {processor.py:183} INFO - Processing /opt/airflow/dags/ecommerce_pipeline_dag.py took 1.126 seconds
[2025-09-01T14:25:08.156+0000] {processor.py:161} INFO - Started process (PID=271) to work on /opt/airflow/dags/ecommerce_pipeline_dag.py
[2025-09-01T14:25:08.209+0000] {processor.py:830} INFO - Processing file /opt/airflow/dags/ecommerce_pipeline_dag.py for tasks to queue
[2025-09-01T14:25:08.233+0000] {logging_mixin.py:188} INFO - [2025-09-01T14:25:08.232+0000] {dagbag.py:545} INFO - Filling up the DagBag from /opt/airflow/dags/ecommerce_pipeline_dag.py
[2025-09-01T14:25:08.424+0000] {processor.py:840} INFO - DAG(s) 'ecommerce_pipeline' retrieved from /opt/airflow/dags/ecommerce_pipeline_dag.py
[2025-09-01T14:25:08.576+0000] {logging_mixin.py:188} INFO - [2025-09-01T14:25:08.575+0000] {dag.py:3096} INFO - Sync 1 DAGs
[2025-09-01T14:25:08.674+0000] {logging_mixin.py:188} INFO - [2025-09-01T14:25:08.674+0000] {dag.py:3954} INFO - Setting next_dagrun for ecommerce_pipeline to 2025-09-01 00:00:00+00:00, run_after=2025-09-02 00:00:00+00:00
[2025-09-01T14:25:08.740+0000] {processor.py:183} INFO - Processing /opt/airflow/dags/ecommerce_pipeline_dag.py took 0.669 seconds
[2025-09-01T14:25:39.799+0000] {processor.py:161} INFO - Started process (PID=281) to work on /opt/airflow/dags/ecommerce_pipeline_dag.py
[2025-09-01T14:25:39.801+0000] {processor.py:830} INFO - Processing file /opt/airflow/dags/ecommerce_pipeline_dag.py for tasks to queue
[2025-09-01T14:25:39.809+0000] {logging_mixin.py:188} INFO - [2025-09-01T14:25:39.809+0000] {dagbag.py:545} INFO - Filling up the DagBag from /opt/airflow/dags/ecommerce_pipeline_dag.py
[2025-09-01T14:25:40.087+0000] {processor.py:840} INFO - DAG(s) 'ecommerce_pipeline' retrieved from /opt/airflow/dags/ecommerce_pipeline_dag.py
[2025-09-01T14:25:40.186+0000] {logging_mixin.py:188} INFO - [2025-09-01T14:25:40.186+0000] {dag.py:3096} INFO - Sync 1 DAGs
[2025-09-01T14:25:40.279+0000] {logging_mixin.py:188} INFO - [2025-09-01T14:25:40.279+0000] {dag.py:3954} INFO - Setting next_dagrun for ecommerce_pipeline to 2025-09-01 00:00:00+00:00, run_after=2025-09-02 00:00:00+00:00
[2025-09-01T14:25:40.402+0000] {processor.py:183} INFO - Processing /opt/airflow/dags/ecommerce_pipeline_dag.py took 0.623 seconds
[2025-09-01T14:26:10.809+0000] {processor.py:161} INFO - Started process (PID=291) to work on /opt/airflow/dags/ecommerce_pipeline_dag.py
[2025-09-01T14:26:10.811+0000] {processor.py:830} INFO - Processing file /opt/airflow/dags/ecommerce_pipeline_dag.py for tasks to queue
[2025-09-01T14:26:10.816+0000] {logging_mixin.py:188} INFO - [2025-09-01T14:26:10.815+0000] {dagbag.py:545} INFO - Filling up the DagBag from /opt/airflow/dags/ecommerce_pipeline_dag.py
[2025-09-01T14:26:10.897+0000] {processor.py:840} INFO - DAG(s) 'ecommerce_pipeline' retrieved from /opt/airflow/dags/ecommerce_pipeline_dag.py
[2025-09-01T14:26:11.014+0000] {logging_mixin.py:188} INFO - [2025-09-01T14:26:11.014+0000] {dag.py:3096} INFO - Sync 1 DAGs
[2025-09-01T14:26:11.098+0000] {logging_mixin.py:188} INFO - [2025-09-01T14:26:11.097+0000] {dag.py:3954} INFO - Setting next_dagrun for ecommerce_pipeline to 2025-09-01 00:00:00+00:00, run_after=2025-09-02 00:00:00+00:00
[2025-09-01T14:26:11.454+0000] {processor.py:183} INFO - Processing /opt/airflow/dags/ecommerce_pipeline_dag.py took 0.659 seconds
[2025-09-01T14:26:41.645+0000] {processor.py:161} INFO - Started process (PID=301) to work on /opt/airflow/dags/ecommerce_pipeline_dag.py
[2025-09-01T14:26:41.647+0000] {processor.py:830} INFO - Processing file /opt/airflow/dags/ecommerce_pipeline_dag.py for tasks to queue
[2025-09-01T14:26:41.651+0000] {logging_mixin.py:188} INFO - [2025-09-01T14:26:41.650+0000] {dagbag.py:545} INFO - Filling up the DagBag from /opt/airflow/dags/ecommerce_pipeline_dag.py
[2025-09-01T14:26:41.715+0000] {processor.py:840} INFO - DAG(s) 'ecommerce_pipeline' retrieved from /opt/airflow/dags/ecommerce_pipeline_dag.py
[2025-09-01T14:26:41.822+0000] {logging_mixin.py:188} INFO - [2025-09-01T14:26:41.821+0000] {dag.py:3096} INFO - Sync 1 DAGs
[2025-09-01T14:26:41.885+0000] {logging_mixin.py:188} INFO - [2025-09-01T14:26:41.885+0000] {dag.py:3954} INFO - Setting next_dagrun for ecommerce_pipeline to 2025-09-01 00:00:00+00:00, run_after=2025-09-02 00:00:00+00:00
[2025-09-01T14:26:41.931+0000] {processor.py:183} INFO - Processing /opt/airflow/dags/ecommerce_pipeline_dag.py took 0.298 seconds
[2025-09-01T14:27:12.607+0000] {processor.py:161} INFO - Started process (PID=311) to work on /opt/airflow/dags/ecommerce_pipeline_dag.py
[2025-09-01T14:27:12.610+0000] {processor.py:830} INFO - Processing file /opt/airflow/dags/ecommerce_pipeline_dag.py for tasks to queue
[2025-09-01T14:27:12.618+0000] {logging_mixin.py:188} INFO - [2025-09-01T14:27:12.617+0000] {dagbag.py:545} INFO - Filling up the DagBag from /opt/airflow/dags/ecommerce_pipeline_dag.py
[2025-09-01T14:27:12.755+0000] {processor.py:840} INFO - DAG(s) 'ecommerce_pipeline' retrieved from /opt/airflow/dags/ecommerce_pipeline_dag.py
[2025-09-01T14:27:12.909+0000] {logging_mixin.py:188} INFO - [2025-09-01T14:27:12.909+0000] {dag.py:3096} INFO - Sync 1 DAGs
[2025-09-01T14:27:13.163+0000] {logging_mixin.py:188} INFO - [2025-09-01T14:27:13.162+0000] {dag.py:3954} INFO - Setting next_dagrun for ecommerce_pipeline to 2025-09-01 00:00:00+00:00, run_after=2025-09-02 00:00:00+00:00
[2025-09-01T14:27:13.327+0000] {processor.py:183} INFO - Processing /opt/airflow/dags/ecommerce_pipeline_dag.py took 0.734 seconds
[2025-09-01T14:27:44.005+0000] {processor.py:161} INFO - Started process (PID=321) to work on /opt/airflow/dags/ecommerce_pipeline_dag.py
[2025-09-01T14:27:44.010+0000] {processor.py:830} INFO - Processing file /opt/airflow/dags/ecommerce_pipeline_dag.py for tasks to queue
[2025-09-01T14:27:44.016+0000] {logging_mixin.py:188} INFO - [2025-09-01T14:27:44.015+0000] {dagbag.py:545} INFO - Filling up the DagBag from /opt/airflow/dags/ecommerce_pipeline_dag.py
[2025-09-01T14:27:44.070+0000] {processor.py:840} INFO - DAG(s) 'ecommerce_pipeline' retrieved from /opt/airflow/dags/ecommerce_pipeline_dag.py
[2025-09-01T14:27:44.126+0000] {logging_mixin.py:188} INFO - [2025-09-01T14:27:44.126+0000] {dag.py:3096} INFO - Sync 1 DAGs
[2025-09-01T14:27:44.178+0000] {logging_mixin.py:188} INFO - [2025-09-01T14:27:44.178+0000] {dag.py:3954} INFO - Setting next_dagrun for ecommerce_pipeline to 2025-09-01 00:00:00+00:00, run_after=2025-09-02 00:00:00+00:00
[2025-09-01T14:27:44.235+0000] {processor.py:183} INFO - Processing /opt/airflow/dags/ecommerce_pipeline_dag.py took 0.266 seconds
[2025-09-01T14:28:14.587+0000] {processor.py:161} INFO - Started process (PID=331) to work on /opt/airflow/dags/ecommerce_pipeline_dag.py
[2025-09-01T14:28:14.592+0000] {processor.py:830} INFO - Processing file /opt/airflow/dags/ecommerce_pipeline_dag.py for tasks to queue
[2025-09-01T14:28:14.604+0000] {logging_mixin.py:188} INFO - [2025-09-01T14:28:14.602+0000] {dagbag.py:545} INFO - Filling up the DagBag from /opt/airflow/dags/ecommerce_pipeline_dag.py
[2025-09-01T14:28:14.723+0000] {processor.py:840} INFO - DAG(s) 'ecommerce_pipeline' retrieved from /opt/airflow/dags/ecommerce_pipeline_dag.py
[2025-09-01T14:28:14.905+0000] {logging_mixin.py:188} INFO - [2025-09-01T14:28:14.905+0000] {dag.py:3096} INFO - Sync 1 DAGs
[2025-09-01T14:28:14.995+0000] {logging_mixin.py:188} INFO - [2025-09-01T14:28:14.995+0000] {dag.py:3954} INFO - Setting next_dagrun for ecommerce_pipeline to 2025-09-01 00:00:00+00:00, run_after=2025-09-02 00:00:00+00:00
[2025-09-01T14:28:15.086+0000] {processor.py:183} INFO - Processing /opt/airflow/dags/ecommerce_pipeline_dag.py took 0.528 seconds
[2025-09-01T14:28:45.556+0000] {processor.py:161} INFO - Started process (PID=341) to work on /opt/airflow/dags/ecommerce_pipeline_dag.py
[2025-09-01T14:28:45.573+0000] {processor.py:830} INFO - Processing file /opt/airflow/dags/ecommerce_pipeline_dag.py for tasks to queue
[2025-09-01T14:28:45.604+0000] {logging_mixin.py:188} INFO - [2025-09-01T14:28:45.603+0000] {dagbag.py:545} INFO - Filling up the DagBag from /opt/airflow/dags/ecommerce_pipeline_dag.py
[2025-09-01T14:28:45.714+0000] {processor.py:840} INFO - DAG(s) 'ecommerce_pipeline' retrieved from /opt/airflow/dags/ecommerce_pipeline_dag.py
[2025-09-01T14:28:45.906+0000] {logging_mixin.py:188} INFO - [2025-09-01T14:28:45.900+0000] {dag.py:3096} INFO - Sync 1 DAGs
[2025-09-01T14:28:46.022+0000] {logging_mixin.py:188} INFO - [2025-09-01T14:28:46.021+0000] {dag.py:3954} INFO - Setting next_dagrun for ecommerce_pipeline to 2025-09-01 00:00:00+00:00, run_after=2025-09-02 00:00:00+00:00
[2025-09-01T14:28:46.136+0000] {processor.py:183} INFO - Processing /opt/airflow/dags/ecommerce_pipeline_dag.py took 0.617 seconds
[2025-09-01T14:29:16.587+0000] {processor.py:161} INFO - Started process (PID=351) to work on /opt/airflow/dags/ecommerce_pipeline_dag.py
[2025-09-01T14:29:16.591+0000] {processor.py:830} INFO - Processing file /opt/airflow/dags/ecommerce_pipeline_dag.py for tasks to queue
[2025-09-01T14:29:16.605+0000] {logging_mixin.py:188} INFO - [2025-09-01T14:29:16.605+0000] {dagbag.py:545} INFO - Filling up the DagBag from /opt/airflow/dags/ecommerce_pipeline_dag.py
[2025-09-01T14:29:16.769+0000] {processor.py:840} INFO - DAG(s) 'ecommerce_pipeline' retrieved from /opt/airflow/dags/ecommerce_pipeline_dag.py
[2025-09-01T14:29:16.901+0000] {logging_mixin.py:188} INFO - [2025-09-01T14:29:16.891+0000] {dag.py:3096} INFO - Sync 1 DAGs
[2025-09-01T14:29:17.050+0000] {logging_mixin.py:188} INFO - [2025-09-01T14:29:17.049+0000] {dag.py:3954} INFO - Setting next_dagrun for ecommerce_pipeline to 2025-09-01 00:00:00+00:00, run_after=2025-09-02 00:00:00+00:00
[2025-09-01T14:29:17.197+0000] {processor.py:183} INFO - Processing /opt/airflow/dags/ecommerce_pipeline_dag.py took 0.622 seconds
[2025-09-01T14:29:47.550+0000] {processor.py:161} INFO - Started process (PID=361) to work on /opt/airflow/dags/ecommerce_pipeline_dag.py
[2025-09-01T14:29:47.556+0000] {processor.py:830} INFO - Processing file /opt/airflow/dags/ecommerce_pipeline_dag.py for tasks to queue
[2025-09-01T14:29:47.559+0000] {logging_mixin.py:188} INFO - [2025-09-01T14:29:47.558+0000] {dagbag.py:545} INFO - Filling up the DagBag from /opt/airflow/dags/ecommerce_pipeline_dag.py
[2025-09-01T14:29:47.664+0000] {processor.py:840} INFO - DAG(s) 'ecommerce_pipeline' retrieved from /opt/airflow/dags/ecommerce_pipeline_dag.py
[2025-09-01T14:29:47.752+0000] {logging_mixin.py:188} INFO - [2025-09-01T14:29:47.751+0000] {dag.py:3096} INFO - Sync 1 DAGs
[2025-09-01T14:29:47.817+0000] {logging_mixin.py:188} INFO - [2025-09-01T14:29:47.817+0000] {dag.py:3954} INFO - Setting next_dagrun for ecommerce_pipeline to 2025-09-01 00:00:00+00:00, run_after=2025-09-02 00:00:00+00:00
[2025-09-01T14:29:47.864+0000] {processor.py:183} INFO - Processing /opt/airflow/dags/ecommerce_pipeline_dag.py took 0.348 seconds
