[2025-09-01T14:18:59.988+0000] {processor.py:161} INFO - Started process (PID=162) to work on /opt/airflow/dags/load_retail_dag.py
[2025-09-01T14:19:00.066+0000] {processor.py:830} INFO - Processing file /opt/airflow/dags/load_retail_dag.py for tasks to queue
[2025-09-01T14:19:00.127+0000] {logging_mixin.py:188} INFO - [2025-09-01T14:19:00.126+0000] {dagbag.py:545} INFO - Filling up the DagBag from /opt/airflow/dags/load_retail_dag.py
[2025-09-01T14:19:01.247+0000] {processor.py:840} INFO - DAG(s) 'load_online_retail' retrieved from /opt/airflow/dags/load_retail_dag.py
[2025-09-01T14:19:01.953+0000] {logging_mixin.py:188} INFO - [2025-09-01T14:19:01.952+0000] {dag.py:3096} INFO - Sync 1 DAGs
[2025-09-01T14:19:02.166+0000] {logging_mixin.py:188} INFO - [2025-09-01T14:19:02.166+0000] {dag.py:3954} INFO - Setting next_dagrun for load_online_retail to None, run_after=None
[2025-09-01T14:19:02.439+0000] {processor.py:183} INFO - Processing /opt/airflow/dags/load_retail_dag.py took 2.501 seconds
[2025-09-01T14:19:33.201+0000] {processor.py:161} INFO - Started process (PID=179) to work on /opt/airflow/dags/load_retail_dag.py
[2025-09-01T14:19:33.203+0000] {processor.py:830} INFO - Processing file /opt/airflow/dags/load_retail_dag.py for tasks to queue
[2025-09-01T14:19:33.208+0000] {logging_mixin.py:188} INFO - [2025-09-01T14:19:33.206+0000] {dagbag.py:545} INFO - Filling up the DagBag from /opt/airflow/dags/load_retail_dag.py
[2025-09-01T14:19:34.275+0000] {processor.py:840} INFO - DAG(s) 'load_online_retail' retrieved from /opt/airflow/dags/load_retail_dag.py
[2025-09-01T14:19:34.642+0000] {logging_mixin.py:188} INFO - [2025-09-01T14:19:34.630+0000] {dag.py:3096} INFO - Sync 1 DAGs
[2025-09-01T14:19:34.767+0000] {logging_mixin.py:188} INFO - [2025-09-01T14:19:34.767+0000] {dag.py:3954} INFO - Setting next_dagrun for load_online_retail to None, run_after=None
[2025-09-01T14:19:35.451+0000] {processor.py:183} INFO - Processing /opt/airflow/dags/load_retail_dag.py took 2.260 seconds
[2025-09-01T14:20:16.210+0000] {processor.py:161} INFO - Started process (PID=191) to work on /opt/airflow/dags/load_retail_dag.py
[2025-09-01T14:20:16.213+0000] {processor.py:830} INFO - Processing file /opt/airflow/dags/load_retail_dag.py for tasks to queue
[2025-09-01T14:20:16.218+0000] {logging_mixin.py:188} INFO - [2025-09-01T14:20:16.218+0000] {dagbag.py:545} INFO - Filling up the DagBag from /opt/airflow/dags/load_retail_dag.py
[2025-09-01T14:20:16.357+0000] {processor.py:840} INFO - DAG(s) 'load_online_retail' retrieved from /opt/airflow/dags/load_retail_dag.py
[2025-09-01T14:20:16.428+0000] {logging_mixin.py:188} INFO - [2025-09-01T14:20:16.427+0000] {dag.py:3096} INFO - Sync 1 DAGs
[2025-09-01T14:20:16.452+0000] {logging_mixin.py:188} INFO - [2025-09-01T14:20:16.452+0000] {dag.py:3954} INFO - Setting next_dagrun for load_online_retail to None, run_after=None
[2025-09-01T14:20:17.452+0000] {processor.py:183} INFO - Processing /opt/airflow/dags/load_retail_dag.py took 1.271 seconds
[2025-09-01T14:20:48.357+0000] {processor.py:161} INFO - Started process (PID=201) to work on /opt/airflow/dags/load_retail_dag.py
[2025-09-01T14:20:48.378+0000] {processor.py:830} INFO - Processing file /opt/airflow/dags/load_retail_dag.py for tasks to queue
[2025-09-01T14:20:48.428+0000] {logging_mixin.py:188} INFO - [2025-09-01T14:20:48.428+0000] {dagbag.py:545} INFO - Filling up the DagBag from /opt/airflow/dags/load_retail_dag.py
[2025-09-01T14:20:49.098+0000] {processor.py:840} INFO - DAG(s) 'load_online_retail' retrieved from /opt/airflow/dags/load_retail_dag.py
[2025-09-01T14:20:49.547+0000] {logging_mixin.py:188} INFO - [2025-09-01T14:20:49.546+0000] {dag.py:3096} INFO - Sync 1 DAGs
[2025-09-01T14:20:49.683+0000] {logging_mixin.py:188} INFO - [2025-09-01T14:20:49.682+0000] {dag.py:3954} INFO - Setting next_dagrun for load_online_retail to None, run_after=None
[2025-09-01T14:20:49.947+0000] {processor.py:183} INFO - Processing /opt/airflow/dags/load_retail_dag.py took 1.630 seconds
[2025-09-01T14:21:32.891+0000] {processor.py:161} INFO - Started process (PID=209) to work on /opt/airflow/dags/load_retail_dag.py
[2025-09-01T14:21:32.920+0000] {processor.py:830} INFO - Processing file /opt/airflow/dags/load_retail_dag.py for tasks to queue
[2025-09-01T14:21:32.937+0000] {logging_mixin.py:188} INFO - [2025-09-01T14:21:32.936+0000] {dagbag.py:545} INFO - Filling up the DagBag from /opt/airflow/dags/load_retail_dag.py
[2025-09-01T14:21:33.600+0000] {processor.py:840} INFO - DAG(s) 'load_online_retail' retrieved from /opt/airflow/dags/load_retail_dag.py
[2025-09-01T14:21:34.387+0000] {logging_mixin.py:188} INFO - [2025-09-01T14:21:34.386+0000] {dag.py:3096} INFO - Sync 1 DAGs
[2025-09-01T14:21:34.646+0000] {logging_mixin.py:188} INFO - [2025-09-01T14:21:34.646+0000] {dag.py:3954} INFO - Setting next_dagrun for load_online_retail to None, run_after=None
[2025-09-01T14:21:34.986+0000] {processor.py:183} INFO - Processing /opt/airflow/dags/load_retail_dag.py took 2.164 seconds
[2025-09-01T14:22:06.492+0000] {processor.py:161} INFO - Started process (PID=219) to work on /opt/airflow/dags/load_retail_dag.py
[2025-09-01T14:22:06.495+0000] {processor.py:830} INFO - Processing file /opt/airflow/dags/load_retail_dag.py for tasks to queue
[2025-09-01T14:22:06.534+0000] {logging_mixin.py:188} INFO - [2025-09-01T14:22:06.522+0000] {dagbag.py:545} INFO - Filling up the DagBag from /opt/airflow/dags/load_retail_dag.py
[2025-09-01T14:22:06.997+0000] {processor.py:840} INFO - DAG(s) 'load_online_retail' retrieved from /opt/airflow/dags/load_retail_dag.py
[2025-09-01T14:22:07.390+0000] {logging_mixin.py:188} INFO - [2025-09-01T14:22:07.389+0000] {dag.py:3096} INFO - Sync 1 DAGs
[2025-09-01T14:22:07.603+0000] {logging_mixin.py:188} INFO - [2025-09-01T14:22:07.602+0000] {dag.py:3954} INFO - Setting next_dagrun for load_online_retail to None, run_after=None
[2025-09-01T14:22:07.798+0000] {processor.py:183} INFO - Processing /opt/airflow/dags/load_retail_dag.py took 1.343 seconds
[2025-09-01T14:22:39.118+0000] {processor.py:161} INFO - Started process (PID=226) to work on /opt/airflow/dags/load_retail_dag.py
[2025-09-01T14:22:39.169+0000] {processor.py:830} INFO - Processing file /opt/airflow/dags/load_retail_dag.py for tasks to queue
[2025-09-01T14:22:39.242+0000] {logging_mixin.py:188} INFO - [2025-09-01T14:22:39.241+0000] {dagbag.py:545} INFO - Filling up the DagBag from /opt/airflow/dags/load_retail_dag.py
[2025-09-01T14:22:40.846+0000] {processor.py:840} INFO - DAG(s) 'load_online_retail' retrieved from /opt/airflow/dags/load_retail_dag.py
[2025-09-01T14:22:46.373+0000] {logging_mixin.py:188} INFO - [2025-09-01T14:22:46.372+0000] {dag.py:3096} INFO - Sync 1 DAGs
[2025-09-01T14:22:46.644+0000] {logging_mixin.py:188} INFO - [2025-09-01T14:22:46.643+0000] {dag.py:3954} INFO - Setting next_dagrun for load_online_retail to None, run_after=None
[2025-09-01T14:22:46.949+0000] {processor.py:183} INFO - Processing /opt/airflow/dags/load_retail_dag.py took 8.644 seconds
[2025-09-01T14:23:18.013+0000] {processor.py:161} INFO - Started process (PID=236) to work on /opt/airflow/dags/load_retail_dag.py
[2025-09-01T14:23:18.055+0000] {processor.py:830} INFO - Processing file /opt/airflow/dags/load_retail_dag.py for tasks to queue
[2025-09-01T14:23:18.071+0000] {logging_mixin.py:188} INFO - [2025-09-01T14:23:18.070+0000] {dagbag.py:545} INFO - Filling up the DagBag from /opt/airflow/dags/load_retail_dag.py
[2025-09-01T14:23:18.863+0000] {processor.py:840} INFO - DAG(s) 'load_online_retail' retrieved from /opt/airflow/dags/load_retail_dag.py
[2025-09-01T14:23:19.155+0000] {logging_mixin.py:188} INFO - [2025-09-01T14:23:19.155+0000] {dag.py:3096} INFO - Sync 1 DAGs
[2025-09-01T14:23:19.544+0000] {logging_mixin.py:188} INFO - [2025-09-01T14:23:19.543+0000] {dag.py:3954} INFO - Setting next_dagrun for load_online_retail to None, run_after=None
[2025-09-01T14:23:19.767+0000] {processor.py:183} INFO - Processing /opt/airflow/dags/load_retail_dag.py took 1.938 seconds
[2025-09-01T14:23:54.081+0000] {processor.py:161} INFO - Started process (PID=246) to work on /opt/airflow/dags/load_retail_dag.py
[2025-09-01T14:23:55.194+0000] {processor.py:830} INFO - Processing file /opt/airflow/dags/load_retail_dag.py for tasks to queue
[2025-09-01T14:23:55.217+0000] {logging_mixin.py:188} INFO - [2025-09-01T14:23:55.216+0000] {dagbag.py:545} INFO - Filling up the DagBag from /opt/airflow/dags/load_retail_dag.py
[2025-09-01T14:24:03.565+0000] {processor.py:840} INFO - DAG(s) 'load_online_retail' retrieved from /opt/airflow/dags/load_retail_dag.py
[2025-09-01T14:24:03.953+0000] {logging_mixin.py:188} INFO - [2025-09-01T14:24:03.953+0000] {dag.py:3096} INFO - Sync 1 DAGs
[2025-09-01T14:24:04.168+0000] {logging_mixin.py:188} INFO - [2025-09-01T14:24:04.167+0000] {dag.py:3954} INFO - Setting next_dagrun for load_online_retail to None, run_after=None
[2025-09-01T14:24:04.362+0000] {processor.py:183} INFO - Processing /opt/airflow/dags/load_retail_dag.py took 10.291 seconds
[2025-09-01T14:24:34.938+0000] {processor.py:161} INFO - Started process (PID=256) to work on /opt/airflow/dags/load_retail_dag.py
[2025-09-01T14:24:34.984+0000] {processor.py:830} INFO - Processing file /opt/airflow/dags/load_retail_dag.py for tasks to queue
[2025-09-01T14:24:35.020+0000] {logging_mixin.py:188} INFO - [2025-09-01T14:24:35.018+0000] {dagbag.py:545} INFO - Filling up the DagBag from /opt/airflow/dags/load_retail_dag.py
[2025-09-01T14:24:35.230+0000] {processor.py:840} INFO - DAG(s) 'load_online_retail' retrieved from /opt/airflow/dags/load_retail_dag.py
[2025-09-01T14:24:35.460+0000] {logging_mixin.py:188} INFO - [2025-09-01T14:24:35.459+0000] {dag.py:3096} INFO - Sync 1 DAGs
[2025-09-01T14:24:35.608+0000] {logging_mixin.py:188} INFO - [2025-09-01T14:24:35.595+0000] {dag.py:3954} INFO - Setting next_dagrun for load_online_retail to None, run_after=None
[2025-09-01T14:24:35.770+0000] {processor.py:183} INFO - Processing /opt/airflow/dags/load_retail_dag.py took 0.943 seconds
[2025-09-01T14:25:06.911+0000] {processor.py:161} INFO - Started process (PID=266) to work on /opt/airflow/dags/load_retail_dag.py
[2025-09-01T14:25:06.927+0000] {processor.py:830} INFO - Processing file /opt/airflow/dags/load_retail_dag.py for tasks to queue
[2025-09-01T14:25:06.941+0000] {logging_mixin.py:188} INFO - [2025-09-01T14:25:06.940+0000] {dagbag.py:545} INFO - Filling up the DagBag from /opt/airflow/dags/load_retail_dag.py
[2025-09-01T14:25:07.045+0000] {processor.py:840} INFO - DAG(s) 'load_online_retail' retrieved from /opt/airflow/dags/load_retail_dag.py
[2025-09-01T14:25:06.529+0000] {logging_mixin.py:188} INFO - [2025-09-01T14:25:06.528+0000] {dag.py:3096} INFO - Sync 1 DAGs
[2025-09-01T14:25:06.632+0000] {logging_mixin.py:188} INFO - [2025-09-01T14:25:06.632+0000] {dag.py:3954} INFO - Setting next_dagrun for load_online_retail to None, run_after=None
[2025-09-01T14:25:06.809+0000] {processor.py:183} INFO - Processing /opt/airflow/dags/load_retail_dag.py took 0.828 seconds
[2025-09-01T14:25:37.888+0000] {processor.py:161} INFO - Started process (PID=276) to work on /opt/airflow/dags/load_retail_dag.py
[2025-09-01T14:25:37.911+0000] {processor.py:830} INFO - Processing file /opt/airflow/dags/load_retail_dag.py for tasks to queue
[2025-09-01T14:25:37.948+0000] {logging_mixin.py:188} INFO - [2025-09-01T14:25:37.948+0000] {dagbag.py:545} INFO - Filling up the DagBag from /opt/airflow/dags/load_retail_dag.py
[2025-09-01T14:25:38.078+0000] {processor.py:840} INFO - DAG(s) 'load_online_retail' retrieved from /opt/airflow/dags/load_retail_dag.py
[2025-09-01T14:25:38.279+0000] {logging_mixin.py:188} INFO - [2025-09-01T14:25:38.265+0000] {dag.py:3096} INFO - Sync 1 DAGs
[2025-09-01T14:25:38.364+0000] {logging_mixin.py:188} INFO - [2025-09-01T14:25:38.364+0000] {dag.py:3954} INFO - Setting next_dagrun for load_online_retail to None, run_after=None
[2025-09-01T14:25:38.469+0000] {processor.py:183} INFO - Processing /opt/airflow/dags/load_retail_dag.py took 0.740 seconds
[2025-09-01T14:26:08.964+0000] {processor.py:161} INFO - Started process (PID=286) to work on /opt/airflow/dags/load_retail_dag.py
[2025-09-01T14:26:08.976+0000] {processor.py:830} INFO - Processing file /opt/airflow/dags/load_retail_dag.py for tasks to queue
[2025-09-01T14:26:08.983+0000] {logging_mixin.py:188} INFO - [2025-09-01T14:26:08.982+0000] {dagbag.py:545} INFO - Filling up the DagBag from /opt/airflow/dags/load_retail_dag.py
[2025-09-01T14:26:09.258+0000] {processor.py:840} INFO - DAG(s) 'load_online_retail' retrieved from /opt/airflow/dags/load_retail_dag.py
[2025-09-01T14:26:09.339+0000] {logging_mixin.py:188} INFO - [2025-09-01T14:26:09.338+0000] {dag.py:3096} INFO - Sync 1 DAGs
[2025-09-01T14:26:09.460+0000] {logging_mixin.py:188} INFO - [2025-09-01T14:26:09.459+0000] {dag.py:3954} INFO - Setting next_dagrun for load_online_retail to None, run_after=None
[2025-09-01T14:26:09.580+0000] {processor.py:183} INFO - Processing /opt/airflow/dags/load_retail_dag.py took 0.665 seconds
[2025-09-01T14:26:40.065+0000] {processor.py:161} INFO - Started process (PID=296) to work on /opt/airflow/dags/load_retail_dag.py
[2025-09-01T14:26:40.068+0000] {processor.py:830} INFO - Processing file /opt/airflow/dags/load_retail_dag.py for tasks to queue
[2025-09-01T14:26:40.071+0000] {logging_mixin.py:188} INFO - [2025-09-01T14:26:40.071+0000] {dagbag.py:545} INFO - Filling up the DagBag from /opt/airflow/dags/load_retail_dag.py
[2025-09-01T14:26:40.147+0000] {processor.py:840} INFO - DAG(s) 'load_online_retail' retrieved from /opt/airflow/dags/load_retail_dag.py
[2025-09-01T14:26:40.303+0000] {logging_mixin.py:188} INFO - [2025-09-01T14:26:40.303+0000] {dag.py:3096} INFO - Sync 1 DAGs
[2025-09-01T14:26:40.397+0000] {logging_mixin.py:188} INFO - [2025-09-01T14:26:40.396+0000] {dag.py:3954} INFO - Setting next_dagrun for load_online_retail to None, run_after=None
[2025-09-01T14:26:40.453+0000] {processor.py:183} INFO - Processing /opt/airflow/dags/load_retail_dag.py took 0.404 seconds
[2025-09-01T14:27:11.548+0000] {processor.py:161} INFO - Started process (PID=306) to work on /opt/airflow/dags/load_retail_dag.py
[2025-09-01T14:27:11.553+0000] {processor.py:830} INFO - Processing file /opt/airflow/dags/load_retail_dag.py for tasks to queue
[2025-09-01T14:27:11.561+0000] {logging_mixin.py:188} INFO - [2025-09-01T14:27:11.560+0000] {dagbag.py:545} INFO - Filling up the DagBag from /opt/airflow/dags/load_retail_dag.py
[2025-09-01T14:27:11.625+0000] {processor.py:840} INFO - DAG(s) 'load_online_retail' retrieved from /opt/airflow/dags/load_retail_dag.py
[2025-09-01T14:27:11.762+0000] {logging_mixin.py:188} INFO - [2025-09-01T14:27:11.761+0000] {dag.py:3096} INFO - Sync 1 DAGs
[2025-09-01T14:27:11.810+0000] {logging_mixin.py:188} INFO - [2025-09-01T14:27:11.809+0000] {dag.py:3954} INFO - Setting next_dagrun for load_online_retail to None, run_after=None
[2025-09-01T14:27:11.866+0000] {processor.py:183} INFO - Processing /opt/airflow/dags/load_retail_dag.py took 0.336 seconds
[2025-09-01T14:27:42.646+0000] {processor.py:161} INFO - Started process (PID=316) to work on /opt/airflow/dags/load_retail_dag.py
[2025-09-01T14:27:42.649+0000] {processor.py:830} INFO - Processing file /opt/airflow/dags/load_retail_dag.py for tasks to queue
[2025-09-01T14:27:42.660+0000] {logging_mixin.py:188} INFO - [2025-09-01T14:27:42.658+0000] {dagbag.py:545} INFO - Filling up the DagBag from /opt/airflow/dags/load_retail_dag.py
[2025-09-01T14:27:42.717+0000] {processor.py:840} INFO - DAG(s) 'load_online_retail' retrieved from /opt/airflow/dags/load_retail_dag.py
[2025-09-01T14:27:42.831+0000] {logging_mixin.py:188} INFO - [2025-09-01T14:27:42.829+0000] {dag.py:3096} INFO - Sync 1 DAGs
[2025-09-01T14:27:42.873+0000] {logging_mixin.py:188} INFO - [2025-09-01T14:27:42.872+0000] {dag.py:3954} INFO - Setting next_dagrun for load_online_retail to None, run_after=None
[2025-09-01T14:27:42.930+0000] {processor.py:183} INFO - Processing /opt/airflow/dags/load_retail_dag.py took 0.324 seconds
[2025-09-01T14:28:13.399+0000] {processor.py:161} INFO - Started process (PID=326) to work on /opt/airflow/dags/load_retail_dag.py
[2025-09-01T14:28:13.402+0000] {processor.py:830} INFO - Processing file /opt/airflow/dags/load_retail_dag.py for tasks to queue
[2025-09-01T14:28:13.441+0000] {logging_mixin.py:188} INFO - [2025-09-01T14:28:13.441+0000] {dagbag.py:545} INFO - Filling up the DagBag from /opt/airflow/dags/load_retail_dag.py
[2025-09-01T14:28:13.604+0000] {processor.py:840} INFO - DAG(s) 'load_online_retail' retrieved from /opt/airflow/dags/load_retail_dag.py
[2025-09-01T14:28:13.726+0000] {logging_mixin.py:188} INFO - [2025-09-01T14:28:13.726+0000] {dag.py:3096} INFO - Sync 1 DAGs
[2025-09-01T14:28:13.768+0000] {logging_mixin.py:188} INFO - [2025-09-01T14:28:13.768+0000] {dag.py:3954} INFO - Setting next_dagrun for load_online_retail to None, run_after=None
[2025-09-01T14:28:13.839+0000] {processor.py:183} INFO - Processing /opt/airflow/dags/load_retail_dag.py took 0.474 seconds
[2025-09-01T14:28:44.235+0000] {processor.py:161} INFO - Started process (PID=336) to work on /opt/airflow/dags/load_retail_dag.py
[2025-09-01T14:28:44.237+0000] {processor.py:830} INFO - Processing file /opt/airflow/dags/load_retail_dag.py for tasks to queue
[2025-09-01T14:28:44.241+0000] {logging_mixin.py:188} INFO - [2025-09-01T14:28:44.240+0000] {dagbag.py:545} INFO - Filling up the DagBag from /opt/airflow/dags/load_retail_dag.py
[2025-09-01T14:28:44.308+0000] {processor.py:840} INFO - DAG(s) 'load_online_retail' retrieved from /opt/airflow/dags/load_retail_dag.py
[2025-09-01T14:28:44.390+0000] {logging_mixin.py:188} INFO - [2025-09-01T14:28:44.389+0000] {dag.py:3096} INFO - Sync 1 DAGs
[2025-09-01T14:28:44.424+0000] {logging_mixin.py:188} INFO - [2025-09-01T14:28:44.423+0000] {dag.py:3954} INFO - Setting next_dagrun for load_online_retail to None, run_after=None
[2025-09-01T14:28:44.476+0000] {processor.py:183} INFO - Processing /opt/airflow/dags/load_retail_dag.py took 0.254 seconds
[2025-09-01T14:29:14.905+0000] {processor.py:161} INFO - Started process (PID=346) to work on /opt/airflow/dags/load_retail_dag.py
[2025-09-01T14:29:14.909+0000] {processor.py:830} INFO - Processing file /opt/airflow/dags/load_retail_dag.py for tasks to queue
[2025-09-01T14:29:14.915+0000] {logging_mixin.py:188} INFO - [2025-09-01T14:29:14.914+0000] {dagbag.py:545} INFO - Filling up the DagBag from /opt/airflow/dags/load_retail_dag.py
[2025-09-01T14:29:15.035+0000] {processor.py:840} INFO - DAG(s) 'load_online_retail' retrieved from /opt/airflow/dags/load_retail_dag.py
[2025-09-01T14:29:15.135+0000] {logging_mixin.py:188} INFO - [2025-09-01T14:29:15.134+0000] {dag.py:3096} INFO - Sync 1 DAGs
[2025-09-01T14:29:15.203+0000] {logging_mixin.py:188} INFO - [2025-09-01T14:29:15.202+0000] {dag.py:3954} INFO - Setting next_dagrun for load_online_retail to None, run_after=None
[2025-09-01T14:29:15.450+0000] {processor.py:183} INFO - Processing /opt/airflow/dags/load_retail_dag.py took 0.565 seconds
[2025-09-01T14:29:46.231+0000] {processor.py:161} INFO - Started process (PID=356) to work on /opt/airflow/dags/load_retail_dag.py
[2025-09-01T14:29:46.233+0000] {processor.py:830} INFO - Processing file /opt/airflow/dags/load_retail_dag.py for tasks to queue
[2025-09-01T14:29:46.237+0000] {logging_mixin.py:188} INFO - [2025-09-01T14:29:46.237+0000] {dagbag.py:545} INFO - Filling up the DagBag from /opt/airflow/dags/load_retail_dag.py
[2025-09-01T14:29:46.287+0000] {processor.py:840} INFO - DAG(s) 'load_online_retail' retrieved from /opt/airflow/dags/load_retail_dag.py
[2025-09-01T14:29:46.357+0000] {logging_mixin.py:188} INFO - [2025-09-01T14:29:46.356+0000] {dag.py:3096} INFO - Sync 1 DAGs
[2025-09-01T14:29:46.418+0000] {logging_mixin.py:188} INFO - [2025-09-01T14:29:46.417+0000] {dag.py:3954} INFO - Setting next_dagrun for load_online_retail to None, run_after=None
[2025-09-01T14:29:46.491+0000] {processor.py:183} INFO - Processing /opt/airflow/dags/load_retail_dag.py took 0.279 seconds
