[2025-08-28T07:03:43.428+0000] {local_task_job_runner.py:120} INFO - ::group::Pre task execution logs
[2025-08-28T07:03:43.503+0000] {taskinstance.py:2076} INFO - Dependencies all met for dep_context=non-requeueable deps ti=<TaskInstance: ecommerce_pipeline.load_data scheduled__2025-08-27T00:00:00+00:00 [queued]>
[2025-08-28T07:03:43.542+0000] {taskinstance.py:2076} INFO - Dependencies all met for dep_context=requeueable deps ti=<TaskInstance: ecommerce_pipeline.load_data scheduled__2025-08-27T00:00:00+00:00 [queued]>
[2025-08-28T07:03:43.543+0000] {taskinstance.py:2306} INFO - Starting attempt 4 of 5
[2025-08-28T07:03:43.581+0000] {taskinstance.py:2330} INFO - Executing <Task(PythonOperator): load_data> on 2025-08-27 00:00:00+00:00
[2025-08-28T07:03:43.594+0000] {standard_task_runner.py:63} INFO - Started process 909 to run task
[2025-08-28T07:03:43.602+0000] {standard_task_runner.py:90} INFO - Running: ['***', 'tasks', 'run', 'ecommerce_pipeline', 'load_data', 'scheduled__2025-08-27T00:00:00+00:00', '--job-id', '79', '--raw', '--subdir', 'DAGS_FOLDER/ecommerce_pipeline_dag.py', '--cfg-path', '/tmp/tmpgq8ir6xp']
[2025-08-28T07:03:43.610+0000] {standard_task_runner.py:91} INFO - Job 79: Subtask load_data
[2025-08-28T07:03:43.710+0000] {logging_mixin.py:188} WARNING - /home/***/.local/lib/python3.10/site-packages/***/settings.py:195 DeprecationWarning: The sql_alchemy_conn option in [core] has been moved to the sql_alchemy_conn option in [database] - the old setting has been used, but please update your config.
[2025-08-28T07:03:43.833+0000] {task_command.py:426} INFO - Running <TaskInstance: ecommerce_pipeline.load_data scheduled__2025-08-27T00:00:00+00:00 [running]> on host 9b893e28b5b2
[2025-08-28T07:03:44.181+0000] {taskinstance.py:2648} INFO - Exporting env vars: AIRFLOW_CTX_DAG_OWNER='arel' AIRFLOW_CTX_DAG_ID='ecommerce_pipeline' AIRFLOW_CTX_TASK_ID='load_data' AIRFLOW_CTX_EXECUTION_DATE='2025-08-27T00:00:00+00:00' AIRFLOW_CTX_TRY_NUMBER='4' AIRFLOW_CTX_DAG_RUN_ID='scheduled__2025-08-27T00:00:00+00:00'
[2025-08-28T07:03:44.184+0000] {taskinstance.py:430} INFO - ::endgroup::
[2025-08-28T07:05:05.922+0000] {logging_mixin.py:188} INFO - ✅ Berhasil load data dari: /opt/***/datasets/online_retail.xlsx
[2025-08-28T07:05:05.923+0000] {logging_mixin.py:188} INFO - ==================================================
[2025-08-28T07:05:05.923+0000] {logging_mixin.py:188} INFO - DEBUG: DATA STRUCTURE
[2025-08-28T07:05:08.053+0000] {logging_mixin.py:188} INFO - ==================================================
[2025-08-28T07:05:08.053+0000] {logging_mixin.py:188} INFO - Columns in DataFrame: ['InvoiceNo', 'StockCode', 'Description', 'Quantity', 'InvoiceDate', 'UnitPrice', 'CustomerID', 'Country']
[2025-08-28T07:05:08.054+0000] {logging_mixin.py:188} INFO - Number of rows: 541909
[2025-08-28T07:05:08.055+0000] {logging_mixin.py:188} INFO - 
First 5 rows:
[2025-08-28T07:05:08.267+0000] {logging_mixin.py:188} INFO -   InvoiceNo StockCode  ... CustomerID         Country
0    536365    85123A  ...    17850.0  United Kingdom
1    536365     71053  ...    17850.0  United Kingdom
2    536365    84406B  ...    17850.0  United Kingdom
3    536365    84029G  ...    17850.0  United Kingdom
4    536365    84029E  ...    17850.0  United Kingdom

[5 rows x 8 columns]
[2025-08-28T07:05:08.269+0000] {logging_mixin.py:188} INFO - 
Data types:
[2025-08-28T07:05:08.271+0000] {logging_mixin.py:188} INFO - InvoiceNo              object
StockCode              object
Description            object
Quantity                int64
InvoiceDate    datetime64[ns]
UnitPrice             float64
CustomerID            float64
Country                object
dtype: object
[2025-08-28T07:05:08.272+0000] {logging_mixin.py:188} INFO - ==================================================
[2025-08-28T07:05:12.661+0000] {logging_mixin.py:188} INFO - ✅ Data berhasil disimpan ke: /tmp/orders.csv
[2025-08-28T07:12:29.528+0000] {logging_mixin.py:188} INFO - [Postgres] Data berhasil dimasukkan ke tabel 'orders' ✅
[2025-08-28T07:12:30.074+0000] {logging_mixin.py:188} INFO - [MinIO] File 'orders.csv' berhasil di-upload ✅
[2025-08-28T07:12:30.076+0000] {logging_mixin.py:188} INFO - ✅ ETL process completed successfully!
[2025-08-28T07:12:30.115+0000] {python.py:237} INFO - Done. Returned value was: None
[2025-08-28T07:12:30.116+0000] {taskinstance.py:441} INFO - ::group::Post task execution logs
[2025-08-28T07:12:30.130+0000] {taskinstance.py:1206} INFO - Marking task as SUCCESS. dag_id=ecommerce_pipeline, task_id=load_data, run_id=scheduled__2025-08-27T00:00:00+00:00, execution_date=20250827T000000, start_date=20250828T070343, end_date=20250828T071230
[2025-08-28T07:12:30.181+0000] {local_task_job_runner.py:240} INFO - Task exited with return code 0
[2025-08-28T07:12:30.211+0000] {taskinstance.py:3503} INFO - 3 downstream tasks scheduled from follow-on schedule check
[2025-08-28T07:12:30.213+0000] {local_task_job_runner.py:222} INFO - ::endgroup::
